{"/home/pogro/Documents/cool-chess-frontend/src/components/home/FeaturesSection.tsx": {"path":"/home/pogro/Documents/cool-chess-frontend/src/components/home/FeaturesSection.tsx","statementMap":{"0":{"start":{"line":22,"column":0},"end":{"line":22,"column":24}},"1":{"start":{"line":1,"column":0},"end":{"line":1,"column":61}},"2":{"start":{"line":2,"column":0},"end":{"line":2,"column":73}},"3":{"start":{"line":4,"column":17},"end":{"line":20,"column":2}},"4":{"start":{"line":23,"column":4},"end":{"line":44,"column":6}},"5":{"start":{"line":30,"column":20},"end":{"line":30,"column":null}}},"fnMap":{"0":{"name":"FeaturesSection","decl":{"start":{"line":22,"column":24},"end":{"line":22,"column":39}},"loc":{"start":{"line":22,"column":39},"end":{"line":45,"column":1}}},"1":{"name":"(anonymous_1)","decl":{"start":{"line":29,"column":30},"end":{"line":29,"column":31}},"loc":{"start":{"line":30,"column":20},"end":{"line":30,"column":null}}}},"branchMap":{},"s":{"0":1,"1":1,"2":1,"3":1,"4":4,"5":12},"f":{"0":4,"1":12},"b":{}}
,"/home/pogro/Documents/cool-chess-frontend/src/components/home/HomeHero.tsx": {"path":"/home/pogro/Documents/cool-chess-frontend/src/components/home/HomeHero.tsx","statementMap":{"0":{"start":{"line":6,"column":0},"end":{"line":6,"column":24}},"1":{"start":{"line":1,"column":0},"end":{"line":1,"column":46}},"2":{"start":{"line":2,"column":0},"end":{"line":2,"column":56}},"3":{"start":{"line":3,"column":0},"end":{"line":3,"column":40}},"4":{"start":{"line":4,"column":0},"end":{"line":4,"column":60}},"5":{"start":{"line":7,"column":34},"end":{"line":7,"column":44}},"6":{"start":{"line":8,"column":34},"end":{"line":8,"column":50}},"7":{"start":{"line":10,"column":4},"end":{"line":50,"column":6}},"8":{"start":{"line":44,"column":35},"end":{"line":44,"column":54}}},"fnMap":{"0":{"name":"HomeHero","decl":{"start":{"line":6,"column":24},"end":{"line":6,"column":32}},"loc":{"start":{"line":6,"column":32},"end":{"line":51,"column":1}}},"1":{"name":"(anonymous_1)","decl":{"start":{"line":44,"column":29},"end":{"line":44,"column":32}},"loc":{"start":{"line":44,"column":35},"end":{"line":44,"column":54}}}},"branchMap":{"0":{"loc":{"start":{"line":26,"column":13},"end":{"line":36,"column":null}},"type":"binary-expr","locations":[{"start":{"line":26,"column":13},"end":{"line":26,"column":26}},{"start":{"line":27,"column":16},"end":{"line":33,"column":null}}]},"1":{"loc":{"start":{"line":38,"column":13},"end":{"line":47,"column":null}},"type":"binary-expr","locations":[{"start":{"line":38,"column":13},"end":{"line":38,"column":25}},{"start":{"line":39,"column":16},"end":{"line":44,"column":null}}]}},"s":{"0":1,"1":1,"2":1,"3":1,"4":1,"5":6,"6":6,"7":6,"8":1},"f":{"0":6,"1":1},"b":{"0":[6,3],"1":[6,3]}}
,"/home/pogro/Documents/cool-chess-frontend/src/components/misc/CTASection.tsx": {"path":"/home/pogro/Documents/cool-chess-frontend/src/components/misc/CTASection.tsx","statementMap":{"0":{"start":{"line":4,"column":0},"end":{"line":4,"column":24}},"1":{"start":{"line":1,"column":0},"end":{"line":1,"column":46}},"2":{"start":{"line":2,"column":0},"end":{"line":2,"column":56}},"3":{"start":{"line":5,"column":34},"end":{"line":5,"column":44}},"4":{"start":{"line":7,"column":4},"end":{"line":31,"column":6}},"5":{"start":{"line":26,"column":31},"end":{"line":26,"column":50}}},"fnMap":{"0":{"name":"CTASection","decl":{"start":{"line":4,"column":24},"end":{"line":4,"column":34}},"loc":{"start":{"line":4,"column":34},"end":{"line":32,"column":1}}},"1":{"name":"(anonymous_1)","decl":{"start":{"line":26,"column":25},"end":{"line":26,"column":28}},"loc":{"start":{"line":26,"column":31},"end":{"line":26,"column":50}}}},"branchMap":{},"s":{"0":1,"1":1,"2":1,"3":3,"4":3,"5":1},"f":{"0":3,"1":1},"b":{}}
,"/home/pogro/Documents/cool-chess-frontend/src/components/misc/ConfirmDialog.tsx": {"path":"/home/pogro/Documents/cool-chess-frontend/src/components/misc/ConfirmDialog.tsx","statementMap":{"0":{"start":{"line":13,"column":0},"end":{"line":13,"column":24}},"1":{"start":{"line":1,"column":0},"end":{"line":1,"column":109}},"2":{"start":{"line":22,"column":4},"end":{"line":42,"column":6}}},"fnMap":{"0":{"name":"ConfirmDialog","decl":{"start":{"line":13,"column":24},"end":{"line":13,"column":37}},"loc":{"start":{"line":21,"column":21},"end":{"line":43,"column":1}}}},"branchMap":{"0":{"loc":{"start":{"line":19,"column":4},"end":{"line":19,"column":27}},"type":"default-arg","locations":[{"start":{"line":19,"column":18},"end":{"line":19,"column":27}}]},"1":{"loc":{"start":{"line":20,"column":4},"end":{"line":20,"column":25}},"type":"default-arg","locations":[{"start":{"line":20,"column":17},"end":{"line":20,"column":25}}]}},"s":{"0":1,"1":1,"2":5},"f":{"0":5},"b":{"0":[1],"1":[1]}}
,"/home/pogro/Documents/cool-chess-frontend/src/components/misc/Footer.tsx": {"path":"/home/pogro/Documents/cool-chess-frontend/src/components/misc/Footer.tsx","statementMap":{"0":{"start":{"line":4,"column":0},"end":{"line":4,"column":24}},"1":{"start":{"line":1,"column":0},"end":{"line":1,"column":73}},"2":{"start":{"line":2,"column":0},"end":{"line":2,"column":65}},"3":{"start":{"line":5,"column":2},"end":{"line":60,"column":4}}},"fnMap":{"0":{"name":"Footer","decl":{"start":{"line":4,"column":24},"end":{"line":4,"column":30}},"loc":{"start":{"line":4,"column":30},"end":{"line":61,"column":1}}}},"branchMap":{},"s":{"0":1,"1":1,"2":1,"3":2},"f":{"0":2},"b":{}}
,"/home/pogro/Documents/cool-chess-frontend/src/components/misc/LoginRequiredNotice.tsx": {"path":"/home/pogro/Documents/cool-chess-frontend/src/components/misc/LoginRequiredNotice.tsx","statementMap":{"0":{"start":{"line":4,"column":0},"end":{"line":4,"column":24}},"1":{"start":{"line":1,"column":0},"end":{"line":1,"column":48}},"2":{"start":{"line":2,"column":0},"end":{"line":2,"column":50}},"3":{"start":{"line":5,"column":4},"end":{"line":25,"column":6}}},"fnMap":{"0":{"name":"LoginRequiredNotice","decl":{"start":{"line":4,"column":24},"end":{"line":4,"column":43}},"loc":{"start":{"line":4,"column":43},"end":{"line":26,"column":1}}}},"branchMap":{},"s":{"0":1,"1":1,"2":1,"3":3},"f":{"0":3},"b":{}}
,"/home/pogro/Documents/cool-chess-frontend/src/components/misc/NavigationBar.tsx": {"path":"/home/pogro/Documents/cool-chess-frontend/src/components/misc/NavigationBar.tsx","statementMap":{"0":{"start":{"line":1,"column":0},"end":{"line":1,"column":null}},"1":{"start":{"line":14,"column":0},"end":{"line":14,"column":96}},"2":{"start":{"line":15,"column":0},"end":{"line":15,"column":40}},"3":{"start":{"line":16,"column":0},"end":{"line":16,"column":60}},"4":{"start":{"line":17,"column":0},"end":{"line":17,"column":46}},"5":{"start":{"line":19,"column":18},"end":{"line":24,"column":2}},"6":{"start":{"line":27,"column":42},"end":{"line":27,"column":52}},"7":{"start":{"line":28,"column":34},"end":{"line":28,"column":50}},"8":{"start":{"line":30,"column":4},"end":{"line":105,"column":6}},"9":{"start":{"line":53,"column":24},"end":{"line":53,"column":51}},"10":{"start":{"line":92,"column":80},"end":{"line":92,"column":88}},"11":{"start":{"line":98,"column":77},"end":{"line":98,"column":96}},"12":{"start":{"line":108,"column":0},"end":{"line":108,"column":29}}},"fnMap":{"0":{"name":"NavigationBar","decl":{"start":{"line":26,"column":9},"end":{"line":26,"column":22}},"loc":{"start":{"line":26,"column":22},"end":{"line":106,"column":1}}},"1":{"name":"(anonymous_1)","decl":{"start":{"line":52,"column":35},"end":{"line":52,"column":36}},"loc":{"start":{"line":53,"column":24},"end":{"line":53,"column":51}}},"2":{"name":"(anonymous_2)","decl":{"start":{"line":92,"column":74},"end":{"line":92,"column":77}},"loc":{"start":{"line":92,"column":80},"end":{"line":92,"column":88}}},"3":{"name":"(anonymous_3)","decl":{"start":{"line":98,"column":71},"end":{"line":98,"column":74}},"loc":{"start":{"line":98,"column":77},"end":{"line":98,"column":96}}}},"branchMap":{"0":{"loc":{"start":{"line":57,"column":36},"end":{"line":57,"column":79}},"type":"cond-expr","locations":[{"start":{"line":57,"column":52},"end":{"line":57,"column":61}},{"start":{"line":57,"column":64},"end":{"line":57,"column":79}}]},"1":{"loc":{"start":{"line":67,"column":21},"end":{"line":95,"column":null}},"type":"binary-expr","locations":[{"start":{"line":67,"column":21},"end":{"line":67,"column":32}},{"start":{"line":68,"column":24},"end":{"line":94,"column":null}}]},"2":{"loc":{"start":{"line":81,"column":33},"end":{"line":86,"column":null}},"type":"cond-expr","locations":[{"start":{"line":82,"column":36},"end":{"line":82,"column":104}},{"start":{"line":84,"column":36},"end":{"line":85,"column":null}}]},"3":{"loc":{"start":{"line":97,"column":21},"end":{"line":100,"column":null}},"type":"binary-expr","locations":[{"start":{"line":97,"column":21},"end":{"line":97,"column":33}},{"start":{"line":98,"column":24},"end":{"line":98,"column":null}}]}},"s":{"0":1,"1":1,"2":1,"3":1,"4":1,"5":1,"6":7,"7":7,"8":7,"9":28,"10":1,"11":1,"12":1},"f":{"0":7,"1":28,"2":1,"3":1},"b":{"0":[20,8],"1":[7,5],"2":[4,1],"3":[7,2]}}
,"/home/pogro/Documents/cool-chess-frontend/src/components/misc/PageHeader.tsx": {"path":"/home/pogro/Documents/cool-chess-frontend/src/components/misc/PageHeader.tsx","statementMap":{"0":{"start":{"line":8,"column":0},"end":{"line":8,"column":24}},"1":{"start":{"line":1,"column":0},"end":{"line":1,"column":59}},"2":{"start":{"line":9,"column":4},"end":{"line":13,"column":6}}},"fnMap":{"0":{"name":"PageHeader","decl":{"start":{"line":8,"column":24},"end":{"line":8,"column":34}},"loc":{"start":{"line":8,"column":65},"end":{"line":14,"column":1}}}},"branchMap":{},"s":{"0":1,"1":1,"2":2},"f":{"0":2},"b":{}}
,"/home/pogro/Documents/cool-chess-frontend/src/components/misc/PaginationControls.tsx": {"path":"/home/pogro/Documents/cool-chess-frontend/src/components/misc/PaginationControls.tsx","statementMap":{"0":{"start":{"line":10,"column":0},"end":{"line":10,"column":24}},"1":{"start":{"line":1,"column":0},"end":{"line":1,"column":62}},"2":{"start":{"line":2,"column":0},"end":{"line":2,"column":62}},"3":{"start":{"line":11,"column":4},"end":{"line":23,"column":6}},"4":{"start":{"line":13,"column":60},"end":{"line":13,"column":72}},"5":{"start":{"line":19,"column":59},"end":{"line":19,"column":70}}},"fnMap":{"0":{"name":"PaginationControls","decl":{"start":{"line":10,"column":24},"end":{"line":10,"column":42}},"loc":{"start":{"line":10,"column":87},"end":{"line":24,"column":1}}},"1":{"name":"(anonymous_1)","decl":{"start":{"line":13,"column":54},"end":{"line":13,"column":57}},"loc":{"start":{"line":13,"column":60},"end":{"line":13,"column":72}}},"2":{"name":"(anonymous_2)","decl":{"start":{"line":19,"column":53},"end":{"line":19,"column":56}},"loc":{"start":{"line":19,"column":59},"end":{"line":19,"column":70}}}},"branchMap":{},"s":{"0":1,"1":1,"2":1,"3":9,"4":1,"5":1},"f":{"0":9,"1":1,"2":1},"b":{}}
,"/home/pogro/Documents/cool-chess-frontend/src/components/ranking/ModeSelector.tsx": {"path":"/home/pogro/Documents/cool-chess-frontend/src/components/ranking/ModeSelector.tsx","statementMap":{"0":{"start":{"line":15,"column":0},"end":{"line":15,"column":24}},"1":{"start":{"line":1,"column":0},"end":{"line":1,"column":44}},"2":{"start":{"line":2,"column":0},"end":{"line":2,"column":67}},"3":{"start":{"line":4,"column":14},"end":{"line":8,"column":2}},"4":{"start":{"line":19,"column":4},"end":{"line":32,"column":6}},"5":{"start":{"line":22,"column":16},"end":{"line":23,"column":null}},"6":{"start":{"line":28,"column":35},"end":{"line":28,"column":52}}},"fnMap":{"0":{"name":"ModeSelector","decl":{"start":{"line":15,"column":24},"end":{"line":15,"column":36}},"loc":{"start":{"line":18,"column":20},"end":{"line":33,"column":1}}},"1":{"name":"(anonymous_1)","decl":{"start":{"line":21,"column":23},"end":{"line":21,"column":24}},"loc":{"start":{"line":22,"column":16},"end":{"line":23,"column":null}}},"2":{"name":"(anonymous_2)","decl":{"start":{"line":28,"column":29},"end":{"line":28,"column":32}},"loc":{"start":{"line":28,"column":35},"end":{"line":28,"column":52}}}},"branchMap":{"0":{"loc":{"start":{"line":27,"column":27},"end":{"line":27,"column":75}},"type":"cond-expr","locations":[{"start":{"line":27,"column":54},"end":{"line":27,"column":63}},{"start":{"line":27,"column":66},"end":{"line":27,"column":75}}]}},"s":{"0":1,"1":1,"2":1,"3":1,"4":3,"5":9,"6":2},"f":{"0":3,"1":9,"2":2},"b":{"0":[3,6]}}
,"/home/pogro/Documents/cool-chess-frontend/src/components/ranking/RankingList.tsx": {"path":"/home/pogro/Documents/cool-chess-frontend/src/components/ranking/RankingList.tsx","statementMap":{"0":{"start":{"line":10,"column":0},"end":{"line":10,"column":24}},"1":{"start":{"line":1,"column":0},"end":{"line":1,"column":70}},"2":{"start":{"line":2,"column":0},"end":{"line":2,"column":45}},"3":{"start":{"line":11,"column":4},"end":{"line":39,"column":6}},"4":{"start":{"line":13,"column":43},"end":{"line":37,"column":14}}},"fnMap":{"0":{"name":"RankingList","decl":{"start":{"line":10,"column":24},"end":{"line":10,"column":35}},"loc":{"start":{"line":10,"column":73},"end":{"line":40,"column":1}}},"1":{"name":"(anonymous_1)","decl":{"start":{"line":13,"column":25},"end":{"line":13,"column":26}},"loc":{"start":{"line":13,"column":42},"end":{"line":37,"column":14}}}},"branchMap":{"0":{"loc":{"start":{"line":24,"column":29},"end":{"line":24,"column":62}},"type":"binary-expr","locations":[{"start":{"line":24,"column":29},"end":{"line":24,"column":49}},{"start":{"line":24,"column":53},"end":{"line":24,"column":62}}]},"1":{"loc":{"start":{"line":24,"column":29},"end":{"line":24,"column":49}},"type":"cond-expr","locations":[{"start":{"line":24,"column":39},"end":{"line":24,"column":41}},{"start":{"line":24,"column":39},"end":{"line":24,"column":49}}]},"2":{"loc":{"start":{"line":24,"column":29},"end":{"line":24,"column":41}},"type":"binary-expr","locations":[{"start":{"line":24,"column":29},"end":{"line":24,"column":41}},{"start":{"line":24,"column":39},"end":{"line":24,"column":41}}]},"3":{"loc":{"start":{"line":26,"column":25},"end":{"line":26,"column":60}},"type":"binary-expr","locations":[{"start":{"line":26,"column":25},"end":{"line":26,"column":50}},{"start":{"line":26,"column":50},"end":{"line":26,"column":60}}]},"4":{"loc":{"start":{"line":26,"column":26},"end":{"line":26,"column":46}},"type":"cond-expr","locations":[{"start":{"line":26,"column":36},"end":{"line":26,"column":38}},{"start":{"line":26,"column":36},"end":{"line":26,"column":46}}]},"5":{"loc":{"start":{"line":26,"column":26},"end":{"line":26,"column":38}},"type":"binary-expr","locations":[{"start":{"line":26,"column":26},"end":{"line":26,"column":38}},{"start":{"line":26,"column":36},"end":{"line":26,"column":38}}]},"6":{"loc":{"start":{"line":30,"column":29},"end":{"line":30,"column":49}},"type":"cond-expr","locations":[{"start":{"line":30,"column":39},"end":{"line":30,"column":41}},{"start":{"line":30,"column":39},"end":{"line":30,"column":49}}]},"7":{"loc":{"start":{"line":30,"column":29},"end":{"line":30,"column":41}},"type":"binary-expr","locations":[{"start":{"line":30,"column":29},"end":{"line":30,"column":41}},{"start":{"line":30,"column":39},"end":{"line":30,"column":41}}]}},"s":{"0":1,"1":1,"2":1,"3":6,"4":11},"f":{"0":6,"1":11},"b":{"0":[11,6],"1":[1,10],"2":[11,11],"3":[11,6],"4":[1,10],"5":[11,11],"6":[1,10],"7":[11,11]}}
,"/home/pogro/Documents/cool-chess-frontend/src/components/social/FriendActionButtons.tsx": {"path":"/home/pogro/Documents/cool-chess-frontend/src/components/social/FriendActionButtons.tsx","statementMap":{"0":{"start":{"line":16,"column":0},"end":{"line":16,"column":24}},"1":{"start":{"line":1,"column":0},"end":{"line":1,"column":46}},"2":{"start":{"line":2,"column":0},"end":{"line":2,"column":52}},"3":{"start":{"line":3,"column":0},"end":{"line":3,"column":82}},"4":{"start":{"line":4,"column":0},"end":{"line":4,"column":74}},"5":{"start":{"line":5,"column":0},"end":{"line":5,"column":72}},"6":{"start":{"line":6,"column":0},"end":{"line":6,"column":76}},"7":{"start":{"line":7,"column":0},"end":{"line":7,"column":62}},"8":{"start":{"line":8,"column":0},"end":{"line":8,"column":60}},"9":{"start":{"line":9,"column":0},"end":{"line":9,"column":50}},"10":{"start":{"line":10,"column":0},"end":{"line":10,"column":33}},"11":{"start":{"line":17,"column":34},"end":{"line":17,"column":50}},"12":{"start":{"line":18,"column":30},"end":{"line":18,"column":42}},"13":{"start":{"line":19,"column":39},"end":{"line":19,"column":66}},"14":{"start":{"line":20,"column":35},"end":{"line":20,"column":58}},"15":{"start":{"line":22,"column":24},"end":{"line":22,"column":46}},"16":{"start":{"line":23,"column":26},"end":{"line":23,"column":50}},"17":{"start":{"line":24,"column":25},"end":{"line":24,"column":42}},"18":{"start":{"line":26,"column":42},"end":{"line":26,"column":57}},"19":{"start":{"line":28,"column":4},"end":{"line":28,"column":65}},"20":{"start":{"line":28,"column":53},"end":{"line":28,"column":65}},"21":{"start":{"line":30,"column":27},"end":{"line":31,"column":null}},"22":{"start":{"line":31,"column":22},"end":{"line":31,"column":95}},"23":{"start":{"line":33,"column":21},"end":{"line":33,"column":52}},"24":{"start":{"line":35,"column":28},"end":{"line":36,"column":null}},"25":{"start":{"line":36,"column":22},"end":{"line":36,"column":82}},"26":{"start":{"line":39,"column":24},"end":{"line":39,"column":119}},"27":{"start":{"line":39,"column":57},"end":{"line":39,"column":118}},"28":{"start":{"line":41,"column":30},"end":{"line":43,"column":5}},"29":{"start":{"line":42,"column":8},"end":{"line":42,"column":35}},"30":{"start":{"line":45,"column":32},"end":{"line":47,"column":5}},"31":{"start":{"line":46,"column":8},"end":{"line":46,"column":61}},"32":{"start":{"line":46,"column":25},"end":{"line":46,"column":61}},"33":{"start":{"line":49,"column":32},"end":{"line":51,"column":5}},"34":{"start":{"line":50,"column":8},"end":{"line":50,"column":70}},"35":{"start":{"line":50,"column":29},"end":{"line":50,"column":70}},"36":{"start":{"line":53,"column":32},"end":{"line":55,"column":5}},"37":{"start":{"line":54,"column":8},"end":{"line":54,"column":69}},"38":{"start":{"line":54,"column":29},"end":{"line":54,"column":69}},"39":{"start":{"line":57,"column":31},"end":{"line":59,"column":5}},"40":{"start":{"line":58,"column":8},"end":{"line":58,"column":67}},"41":{"start":{"line":58,"column":28},"end":{"line":58,"column":67}},"42":{"start":{"line":61,"column":4},"end":{"line":95,"column":6}},"43":{"start":{"line":65,"column":62},"end":{"line":65,"column":82}},"44":{"start":{"line":72,"column":39},"end":{"line":72,"column":60}}},"fnMap":{"0":{"name":"FriendActionButtons","decl":{"start":{"line":16,"column":24},"end":{"line":16,"column":43}},"loc":{"start":{"line":16,"column":61},"end":{"line":96,"column":1}}},"1":{"name":"(anonymous_2)","decl":{"start":{"line":31,"column":8},"end":{"line":31,"column":9}},"loc":{"start":{"line":31,"column":22},"end":{"line":31,"column":95}}},"2":{"name":"(anonymous_3)","decl":{"start":{"line":36,"column":8},"end":{"line":36,"column":9}},"loc":{"start":{"line":36,"column":22},"end":{"line":36,"column":82}}},"3":{"name":"(anonymous_4)","decl":{"start":{"line":39,"column":43},"end":{"line":39,"column":44}},"loc":{"start":{"line":39,"column":57},"end":{"line":39,"column":118}}},"4":{"name":"(anonymous_5)","decl":{"start":{"line":41,"column":30},"end":{"line":41,"column":33}},"loc":{"start":{"line":41,"column":35},"end":{"line":43,"column":5}}},"5":{"name":"(anonymous_6)","decl":{"start":{"line":45,"column":32},"end":{"line":45,"column":35}},"loc":{"start":{"line":45,"column":37},"end":{"line":47,"column":5}}},"6":{"name":"(anonymous_7)","decl":{"start":{"line":49,"column":32},"end":{"line":49,"column":35}},"loc":{"start":{"line":49,"column":37},"end":{"line":51,"column":5}}},"7":{"name":"(anonymous_8)","decl":{"start":{"line":53,"column":32},"end":{"line":53,"column":35}},"loc":{"start":{"line":53,"column":37},"end":{"line":55,"column":5}}},"8":{"name":"(anonymous_9)","decl":{"start":{"line":57,"column":31},"end":{"line":57,"column":34}},"loc":{"start":{"line":57,"column":36},"end":{"line":59,"column":5}}},"9":{"name":"(anonymous_10)","decl":{"start":{"line":65,"column":56},"end":{"line":65,"column":59}},"loc":{"start":{"line":65,"column":62},"end":{"line":65,"column":82}}},"10":{"name":"(anonymous_11)","decl":{"start":{"line":72,"column":33},"end":{"line":72,"column":36}},"loc":{"start":{"line":72,"column":39},"end":{"line":72,"column":60}}}},"branchMap":{"0":{"loc":{"start":{"line":28,"column":4},"end":{"line":28,"column":65}},"type":"if","locations":[{"start":{"line":28,"column":4},"end":{"line":28,"column":65}}]},"1":{"loc":{"start":{"line":28,"column":8},"end":{"line":28,"column":51}},"type":"binary-expr","locations":[{"start":{"line":28,"column":8},"end":{"line":28,"column":20}},{"start":{"line":28,"column":24},"end":{"line":28,"column":51}}]},"2":{"loc":{"start":{"line":30,"column":27},"end":{"line":31,"column":null}},"type":"cond-expr","locations":[{"start":{"line":30,"column":34},"end":{"line":30,"column":36}},{"start":{"line":30,"column":27},"end":{"line":31,"column":null}}]},"3":{"loc":{"start":{"line":30,"column":27},"end":{"line":30,"column":36}},"type":"binary-expr","locations":[{"start":{"line":30,"column":27},"end":{"line":30,"column":36}},{"start":{"line":30,"column":27},"end":{"line":30,"column":36}}]},"4":{"loc":{"start":{"line":31,"column":22},"end":{"line":31,"column":95}},"type":"binary-expr","locations":[{"start":{"line":31,"column":22},"end":{"line":31,"column":56}},{"start":{"line":31,"column":60},"end":{"line":31,"column":95}}]},"5":{"loc":{"start":{"line":33,"column":23},"end":{"line":33,"column":51}},"type":"cond-expr","locations":[{"start":{"line":33,"column":37},"end":{"line":33,"column":39}},{"start":{"line":33,"column":23},"end":{"line":33,"column":51}}]},"6":{"loc":{"start":{"line":33,"column":23},"end":{"line":33,"column":39}},"type":"binary-expr","locations":[{"start":{"line":33,"column":23},"end":{"line":33,"column":39}},{"start":{"line":33,"column":23},"end":{"line":33,"column":39}}]},"7":{"loc":{"start":{"line":35,"column":28},"end":{"line":36,"column":null}},"type":"cond-expr","locations":[{"start":{"line":35,"column":44},"end":{"line":35,"column":46}},{"start":{"line":35,"column":28},"end":{"line":36,"column":null}}]},"8":{"loc":{"start":{"line":35,"column":28},"end":{"line":35,"column":46}},"type":"binary-expr","locations":[{"start":{"line":35,"column":28},"end":{"line":35,"column":46}},{"start":{"line":35,"column":28},"end":{"line":35,"column":46}}]},"9":{"loc":{"start":{"line":36,"column":22},"end":{"line":36,"column":82}},"type":"binary-expr","locations":[{"start":{"line":36,"column":22},"end":{"line":36,"column":56}},{"start":{"line":36,"column":60},"end":{"line":36,"column":82}}]},"10":{"loc":{"start":{"line":39,"column":24},"end":{"line":39,"column":119}},"type":"cond-expr","locations":[{"start":{"line":39,"column":36},"end":{"line":39,"column":38}},{"start":{"line":39,"column":24},"end":{"line":39,"column":119}}]},"11":{"loc":{"start":{"line":39,"column":24},"end":{"line":39,"column":38}},"type":"binary-expr","locations":[{"start":{"line":39,"column":24},"end":{"line":39,"column":38}},{"start":{"line":39,"column":24},"end":{"line":39,"column":38}}]},"12":{"loc":{"start":{"line":39,"column":57},"end":{"line":39,"column":118}},"type":"binary-expr","locations":[{"start":{"line":39,"column":57},"end":{"line":39,"column":92}},{"start":{"line":39,"column":96},"end":{"line":39,"column":118}}]},"13":{"loc":{"start":{"line":46,"column":8},"end":{"line":46,"column":61}},"type":"if","locations":[{"start":{"line":46,"column":8},"end":{"line":46,"column":61}}]},"14":{"loc":{"start":{"line":50,"column":8},"end":{"line":50,"column":70}},"type":"if","locations":[{"start":{"line":50,"column":8},"end":{"line":50,"column":70}}]},"15":{"loc":{"start":{"line":54,"column":8},"end":{"line":54,"column":69}},"type":"if","locations":[{"start":{"line":54,"column":8},"end":{"line":54,"column":69}}]},"16":{"loc":{"start":{"line":58,"column":8},"end":{"line":58,"column":67}},"type":"if","locations":[{"start":{"line":58,"column":8},"end":{"line":58,"column":67}}]},"17":{"loc":{"start":{"line":63,"column":13},"end":{"line":92,"column":null}},"type":"cond-expr","locations":[{"start":{"line":64,"column":16},"end":{"line":74,"column":null}},{"start":{"line":76,"column":16},"end":{"line":92,"column":null}}]},"18":{"loc":{"start":{"line":76,"column":16},"end":{"line":92,"column":null}},"type":"cond-expr","locations":[{"start":{"line":77,"column":16},"end":{"line":83,"column":null}},{"start":{"line":85,"column":16},"end":{"line":92,"column":null}}]},"19":{"loc":{"start":{"line":85,"column":16},"end":{"line":92,"column":null}},"type":"cond-expr","locations":[{"start":{"line":86,"column":16},"end":{"line":86,"column":null}},{"start":{"line":90,"column":16},"end":{"line":90,"column":null}}]}},"s":{"0":1,"1":1,"2":1,"3":1,"4":1,"5":1,"6":1,"7":1,"8":1,"9":1,"10":1,"11":12,"12":12,"13":12,"14":12,"15":12,"16":12,"17":12,"18":12,"19":12,"20":2,"21":10,"22":6,"23":10,"24":10,"25":1,"26":10,"27":1,"28":10,"29":1,"30":10,"31":1,"32":1,"33":10,"34":1,"35":1,"36":10,"37":1,"38":1,"39":10,"40":2,"41":2,"42":10,"43":2,"44":2},"f":{"0":12,"1":6,"2":1,"3":1,"4":1,"5":1,"6":1,"7":1,"8":2,"9":2,"10":2},"b":{"0":[2],"1":[12,11],"2":[1,9],"3":[10,9],"4":[6,3],"5":[4,6],"6":[10,10],"7":[1,9],"8":[10,10],"9":[1,1],"10":[1,9],"11":[10,9],"12":[1,1],"13":[1],"14":[1],"15":[1],"16":[2],"17":[6,4],"18":[1,3],"19":[1,2]}}
,"/home/pogro/Documents/cool-chess-frontend/src/components/social/UserCard.tsx": {"path":"/home/pogro/Documents/cool-chess-frontend/src/components/social/UserCard.tsx","statementMap":{"0":{"start":{"line":16,"column":0},"end":{"line":16,"column":24}},"1":{"start":{"line":1,"column":0},"end":{"line":1,"column":70}},"2":{"start":{"line":2,"column":0},"end":{"line":2,"column":45}},"3":{"start":{"line":3,"column":0},"end":{"line":3,"column":40}},"4":{"start":{"line":25,"column":4},"end":{"line":85,"column":6}},"5":{"start":{"line":77,"column":24},"end":{"line":77,"column":43}},"6":{"start":{"line":78,"column":24},"end":{"line":78,"column":44}}},"fnMap":{"0":{"name":"UserCard","decl":{"start":{"line":16,"column":24},"end":{"line":16,"column":32}},"loc":{"start":{"line":24,"column":16},"end":{"line":86,"column":1}}},"1":{"name":"(anonymous_1)","decl":{"start":{"line":76,"column":29},"end":{"line":76,"column":30}},"loc":{"start":{"line":76,"column":35},"end":{"line":79,"column":21}}}},"branchMap":{"0":{"loc":{"start":{"line":49,"column":25},"end":{"line":49,"column":46}},"type":"cond-expr","locations":[{"start":{"line":49,"column":25},"end":{"line":49,"column":33}},{"start":{"line":49,"column":37},"end":{"line":49,"column":46}}]},"1":{"loc":{"start":{"line":49,"column":25},"end":{"line":49,"column":37}},"type":"binary-expr","locations":[{"start":{"line":49,"column":25},"end":{"line":49,"column":37}},{"start":{"line":49,"column":25},"end":{"line":49,"column":37}}]},"2":{"loc":{"start":{"line":50,"column":17},"end":{"line":50,"column":57}},"type":"binary-expr","locations":[{"start":{"line":50,"column":17},"end":{"line":50,"column":26}},{"start":{"line":50,"column":30},"end":{"line":50,"column":57}}]},"3":{"loc":{"start":{"line":65,"column":21},"end":{"line":68,"column":null}},"type":"binary-expr","locations":[{"start":{"line":65,"column":21},"end":{"line":65,"column":49}},{"start":{"line":66,"column":24},"end":{"line":67,"column":null}}]},"4":{"loc":{"start":{"line":67,"column":54},"end":{"line":67,"column":85}},"type":"cond-expr","locations":[{"start":{"line":67,"column":77},"end":{"line":67,"column":80}},{"start":{"line":67,"column":83},"end":{"line":67,"column":85}}]},"5":{"loc":{"start":{"line":73,"column":13},"end":{"line":82,"column":null}},"type":"binary-expr","locations":[{"start":{"line":73,"column":13},"end":{"line":73,"column":19}},{"start":{"line":74,"column":16},"end":{"line":81,"column":null}}]}},"s":{"0":1,"1":1,"2":1,"3":1,"4":10,"5":1,"6":1},"f":{"0":10,"1":1},"b":{"0":[9,1],"1":[10,9],"2":[10,1],"3":[10,9],"4":[8,1],"5":[10,1]}}
,"/home/pogro/Documents/cool-chess-frontend/src/components/social/UserListControls.tsx": {"path":"/home/pogro/Documents/cool-chess-frontend/src/components/social/UserListControls.tsx","statementMap":{"0":{"start":{"line":34,"column":0},"end":{"line":34,"column":24}},"1":{"start":{"line":1,"column":0},"end":{"line":1,"column":null}},"2":{"start":{"line":11,"column":0},"end":{"line":11,"column":45}},"3":{"start":{"line":27,"column":34},"end":{"line":32,"column":2}},"4":{"start":{"line":41,"column":4},"end":{"line":78,"column":6}},"5":{"start":{"line":46,"column":33},"end":{"line":46,"column":63}},"6":{"start":{"line":66,"column":52},"end":{"line":66,"column":77}},"7":{"start":{"line":67,"column":24},"end":{"line":67,"column":56}},"8":{"start":{"line":71,"column":24},"end":{"line":71,"column":75}}},"fnMap":{"0":{"name":"UserListControls","decl":{"start":{"line":34,"column":24},"end":{"line":34,"column":40}},"loc":{"start":{"line":40,"column":24},"end":{"line":79,"column":1}}},"1":{"name":"(anonymous_1)","decl":{"start":{"line":46,"column":26},"end":{"line":46,"column":27}},"loc":{"start":{"line":46,"column":33},"end":{"line":46,"column":63}}},"2":{"name":"(anonymous_2)","decl":{"start":{"line":65,"column":30},"end":{"line":65,"column":31}},"loc":{"start":{"line":65,"column":55},"end":{"line":68,"column":21}}},"3":{"name":"(anonymous_3)","decl":{"start":{"line":70,"column":37},"end":{"line":70,"column":38}},"loc":{"start":{"line":71,"column":24},"end":{"line":71,"column":75}}}},"branchMap":{},"s":{"0":1,"1":1,"2":1,"3":1,"4":5,"5":1,"6":1,"7":1,"8":20},"f":{"0":5,"1":1,"2":1,"3":20},"b":{}}
,"/home/pogro/Documents/cool-chess-frontend/src/components/social/follows/FollowActionButtons.tsx": {"path":"/home/pogro/Documents/cool-chess-frontend/src/components/social/follows/FollowActionButtons.tsx","statementMap":{"0":{"start":{"line":11,"column":0},"end":{"line":11,"column":24}},"1":{"start":{"line":1,"column":0},"end":{"line":1,"column":39}},"2":{"start":{"line":2,"column":0},"end":{"line":2,"column":63}},"3":{"start":{"line":3,"column":0},"end":{"line":3,"column":61}},"4":{"start":{"line":4,"column":0},"end":{"line":4,"column":61}},"5":{"start":{"line":5,"column":0},"end":{"line":5,"column":65}},"6":{"start":{"line":12,"column":34},"end":{"line":12,"column":50}},"7":{"start":{"line":13,"column":33},"end":{"line":13,"column":71}},"8":{"start":{"line":15,"column":27},"end":{"line":15,"column":42}},"9":{"start":{"line":16,"column":29},"end":{"line":16,"column":46}},"10":{"start":{"line":18,"column":24},"end":{"line":18,"column":104}},"11":{"start":{"line":18,"column":55},"end":{"line":18,"column":94}},"12":{"start":{"line":20,"column":25},"end":{"line":22,"column":5}},"13":{"start":{"line":21,"column":8},"end":{"line":21,"column":38}},"14":{"start":{"line":24,"column":27},"end":{"line":26,"column":5}},"15":{"start":{"line":25,"column":8},"end":{"line":25,"column":40}},"16":{"start":{"line":28,"column":4},"end":{"line":28,"column":65}},"17":{"start":{"line":28,"column":53},"end":{"line":28,"column":65}},"18":{"start":{"line":30,"column":4},"end":{"line":38,"column":6}}},"fnMap":{"0":{"name":"FollowActionButtons","decl":{"start":{"line":11,"column":24},"end":{"line":11,"column":43}},"loc":{"start":{"line":11,"column":61},"end":{"line":39,"column":1}}},"1":{"name":"(anonymous_1)","decl":{"start":{"line":18,"column":41},"end":{"line":18,"column":42}},"loc":{"start":{"line":18,"column":55},"end":{"line":18,"column":94}}},"2":{"name":"(anonymous_2)","decl":{"start":{"line":20,"column":25},"end":{"line":20,"column":28}},"loc":{"start":{"line":20,"column":30},"end":{"line":22,"column":5}}},"3":{"name":"(anonymous_3)","decl":{"start":{"line":24,"column":27},"end":{"line":24,"column":30}},"loc":{"start":{"line":24,"column":32},"end":{"line":26,"column":5}}}},"branchMap":{"0":{"loc":{"start":{"line":13,"column":47},"end":{"line":13,"column":70}},"type":"cond-expr","locations":[{"start":{"line":13,"column":64},"end":{"line":13,"column":68}},{"start":{"line":13,"column":68},"end":{"line":13,"column":70}}]},"1":{"loc":{"start":{"line":13,"column":47},"end":{"line":13,"column":68}},"type":"binary-expr","locations":[{"start":{"line":13,"column":47},"end":{"line":13,"column":68}},{"start":{"line":13,"column":64},"end":{"line":13,"column":68}}]},"2":{"loc":{"start":{"line":13,"column":47},"end":{"line":13,"column":64}},"type":"cond-expr","locations":[{"start":{"line":13,"column":58},"end":{"line":13,"column":60}},{"start":{"line":13,"column":47},"end":{"line":13,"column":64}}]},"3":{"loc":{"start":{"line":13,"column":47},"end":{"line":13,"column":60}},"type":"binary-expr","locations":[{"start":{"line":13,"column":47},"end":{"line":13,"column":60}},{"start":{"line":13,"column":47},"end":{"line":13,"column":60}}]},"4":{"loc":{"start":{"line":18,"column":24},"end":{"line":18,"column":104}},"type":"cond-expr","locations":[{"start":{"line":18,"column":95},"end":{"line":18,"column":99}},{"start":{"line":18,"column":99},"end":{"line":18,"column":104}}]},"5":{"loc":{"start":{"line":18,"column":24},"end":{"line":18,"column":99}},"type":"binary-expr","locations":[{"start":{"line":18,"column":24},"end":{"line":18,"column":99}},{"start":{"line":18,"column":95},"end":{"line":18,"column":99}}]},"6":{"loc":{"start":{"line":18,"column":24},"end":{"line":18,"column":95}},"type":"cond-expr","locations":[{"start":{"line":18,"column":34},"end":{"line":18,"column":36}},{"start":{"line":18,"column":24},"end":{"line":18,"column":95}}]},"7":{"loc":{"start":{"line":18,"column":24},"end":{"line":18,"column":36}},"type":"binary-expr","locations":[{"start":{"line":18,"column":24},"end":{"line":18,"column":36}},{"start":{"line":18,"column":24},"end":{"line":18,"column":36}}]},"8":{"loc":{"start":{"line":28,"column":4},"end":{"line":28,"column":65}},"type":"if","locations":[{"start":{"line":28,"column":4},"end":{"line":28,"column":65}}]},"9":{"loc":{"start":{"line":28,"column":8},"end":{"line":28,"column":51}},"type":"binary-expr","locations":[{"start":{"line":28,"column":8},"end":{"line":28,"column":20}},{"start":{"line":28,"column":24},"end":{"line":28,"column":51}}]},"10":{"loc":{"start":{"line":30,"column":11},"end":{"line":37,"column":null}},"type":"cond-expr","locations":[{"start":{"line":31,"column":8},"end":{"line":31,"column":null}},{"start":{"line":35,"column":8},"end":{"line":35,"column":null}}]}},"s":{"0":1,"1":1,"2":1,"3":1,"4":1,"5":1,"6":9,"7":9,"8":9,"9":9,"10":9,"11":3,"12":9,"13":1,"14":9,"15":1,"16":9,"17":2,"18":7},"f":{"0":9,"1":3,"2":1,"3":1},"b":{"0":[8,1],"1":[9,9],"2":[1,8],"3":[9,8],"4":[8,1],"5":[9,9],"6":[1,8],"7":[9,8],"8":[2],"9":[9,8],"10":[3,4]}}
,"/home/pogro/Documents/cool-chess-frontend/src/components/social/follows/FollowDialog.tsx": {"path":"/home/pogro/Documents/cool-chess-frontend/src/components/social/follows/FollowDialog.tsx","statementMap":{"0":{"start":{"line":12,"column":0},"end":{"line":12,"column":24}},"1":{"start":{"line":1,"column":0},"end":{"line":1,"column":86}},"2":{"start":{"line":2,"column":0},"end":{"line":2,"column":35}},"3":{"start":{"line":13,"column":4},"end":{"line":38,"column":6}},"4":{"start":{"line":21,"column":24},"end":{"line":22,"column":null}}},"fnMap":{"0":{"name":"FollowDialog","decl":{"start":{"line":12,"column":24},"end":{"line":12,"column":36}},"loc":{"start":{"line":12,"column":87},"end":{"line":39,"column":1}}},"1":{"name":"(anonymous_2)","decl":{"start":{"line":20,"column":31},"end":{"line":20,"column":32}},"loc":{"start":{"line":21,"column":24},"end":{"line":22,"column":null}}}},"branchMap":{"0":{"loc":{"start":{"line":30,"column":21},"end":{"line":33,"column":null}},"type":"binary-expr","locations":[{"start":{"line":30,"column":21},"end":{"line":30,"column":39}},{"start":{"line":31,"column":24},"end":{"line":31,"column":null}}]}},"s":{"0":1,"1":1,"2":1,"3":5,"4":8},"f":{"0":5,"1":8},"b":{"0":[5,1]}}
,"/home/pogro/Documents/cool-chess-frontend/src/components/social/follows/FollowStats.tsx": {"path":"/home/pogro/Documents/cool-chess-frontend/src/components/social/follows/FollowStats.tsx","statementMap":{"0":{"start":{"line":10,"column":0},"end":{"line":10,"column":24}},"1":{"start":{"line":1,"column":0},"end":{"line":1,"column":46}},"2":{"start":{"line":11,"column":4},"end":{"line":20,"column":6}}},"fnMap":{"0":{"name":"FollowStats","decl":{"start":{"line":10,"column":24},"end":{"line":10,"column":35}},"loc":{"start":{"line":10,"column":104},"end":{"line":21,"column":1}}}},"branchMap":{},"s":{"0":1,"1":1,"2":3},"f":{"0":3},"b":{}}
,"/home/pogro/Documents/cool-chess-frontend/src/components/social/profile/EditProfileDialog.tsx": {"path":"/home/pogro/Documents/cool-chess-frontend/src/components/social/profile/EditProfileDialog.tsx","statementMap":{"0":{"start":{"line":24,"column":0},"end":{"line":24,"column":24}},"1":{"start":{"line":1,"column":0},"end":{"line":1,"column":null}},"2":{"start":{"line":12,"column":0},"end":{"line":12,"column":63}},"3":{"start":{"line":13,"column":0},"end":{"line":13,"column":52}},"4":{"start":{"line":15,"column":0},"end":{"line":15,"column":75}},"5":{"start":{"line":16,"column":0},"end":{"line":16,"column":65}},"6":{"start":{"line":25,"column":36},"end":{"line":25,"column":59}},"7":{"start":{"line":26,"column":46},"end":{"line":26,"column":84}},"8":{"start":{"line":27,"column":28},"end":{"line":27,"column":55}},"9":{"start":{"line":29,"column":25},"end":{"line":29,"column":55}},"10":{"start":{"line":31,"column":27},"end":{"line":31,"column":49}},"11":{"start":{"line":32,"column":27},"end":{"line":32,"column":44}},"12":{"start":{"line":34,"column":4},"end":{"line":40,"column":21}},"13":{"start":{"line":35,"column":8},"end":{"line":39,"column":9}},"14":{"start":{"line":36,"column":12},"end":{"line":36,"column":39}},"15":{"start":{"line":37,"column":12},"end":{"line":37,"column":44}},"16":{"start":{"line":38,"column":12},"end":{"line":38,"column":26}},"17":{"start":{"line":42,"column":23},"end":{"line":61,"column":6}},"18":{"start":{"line":42,"column":34},"end":{"line":61,"column":6}},"19":{"start":{"line":43,"column":8},"end":{"line":60,"column":9}},"20":{"start":{"line":44,"column":30},"end":{"line":44,"column":43}},"21":{"start":{"line":46,"column":12},"end":{"line":49,"column":13}},"22":{"start":{"line":47,"column":16},"end":{"line":47,"column":69}},"23":{"start":{"line":48,"column":16},"end":{"line":48,"column":46}},"24":{"start":{"line":51,"column":12},"end":{"line":54,"column":15}},"25":{"start":{"line":56,"column":12},"end":{"line":56,"column":22}},"26":{"start":{"line":57,"column":12},"end":{"line":57,"column":37}},"27":{"start":{"line":59,"column":12},"end":{"line":59,"column":51}},"28":{"start":{"line":63,"column":29},"end":{"line":70,"column":5}},"29":{"start":{"line":64,"column":29},"end":{"line":64,"column":48}},"30":{"start":{"line":65,"column":8},"end":{"line":69,"column":9}},"31":{"start":{"line":66,"column":12},"end":{"line":66,"column":34}},"32":{"start":{"line":67,"column":31},"end":{"line":67,"column":64}},"33":{"start":{"line":68,"column":12},"end":{"line":68,"column":41}},"34":{"start":{"line":72,"column":4},"end":{"line":117,"column":6}},"35":{"start":{"line":79,"column":89},"end":{"line":79,"column":119}},"36":{"start":{"line":95,"column":41},"end":{"line":95,"column":68}}},"fnMap":{"0":{"name":"EditProfileDialog","decl":{"start":{"line":24,"column":24},"end":{"line":24,"column":41}},"loc":{"start":{"line":24,"column":72},"end":{"line":118,"column":1}}},"1":{"name":"(anonymous_8)","decl":{"start":{"line":34,"column":14},"end":{"line":34,"column":17}},"loc":{"start":{"line":34,"column":19},"end":{"line":40,"column":5}}},"2":{"name":"(anonymous_9)","decl":{"start":{"line":42,"column":23},"end":{"line":42,"column":32}},"loc":{"start":{"line":42,"column":34},"end":{"line":61,"column":6}}},"3":{"name":"(anonymous_10)","decl":{"start":{"line":42,"column":34},"end":{"line":42,"column":null}},"loc":{"start":{"line":42,"column":34},"end":{"line":61,"column":5}}},"4":{"name":"(anonymous_11)","decl":{"start":{"line":63,"column":29},"end":{"line":63,"column":30}},"loc":{"start":{"line":63,"column":72},"end":{"line":70,"column":5}}},"5":{"name":"(anonymous_12)","decl":{"start":{"line":79,"column":83},"end":{"line":79,"column":86}},"loc":{"start":{"line":79,"column":89},"end":{"line":79,"column":119}}},"6":{"name":"(anonymous_13)","decl":{"start":{"line":95,"column":34},"end":{"line":95,"column":35}},"loc":{"start":{"line":95,"column":41},"end":{"line":95,"column":68}}}},"branchMap":{"0":{"loc":{"start":{"line":35,"column":8},"end":{"line":39,"column":9}},"type":"if","locations":[{"start":{"line":35,"column":8},"end":{"line":39,"column":9}}]},"1":{"loc":{"start":{"line":46,"column":12},"end":{"line":49,"column":13}},"type":"if","locations":[{"start":{"line":46,"column":12},"end":{"line":49,"column":13}}]},"2":{"loc":{"start":{"line":64,"column":29},"end":{"line":64,"column":48}},"type":"cond-expr","locations":[{"start":{"line":64,"column":43},"end":{"line":64,"column":46}},{"start":{"line":64,"column":43},"end":{"line":64,"column":48}}]},"3":{"loc":{"start":{"line":64,"column":29},"end":{"line":64,"column":46}},"type":"binary-expr","locations":[{"start":{"line":64,"column":29},"end":{"line":64,"column":46}},{"start":{"line":64,"column":43},"end":{"line":64,"column":46}}]},"4":{"loc":{"start":{"line":65,"column":8},"end":{"line":69,"column":9}},"type":"if","locations":[{"start":{"line":65,"column":8},"end":{"line":69,"column":9}}]},"5":{"loc":{"start":{"line":77,"column":33},"end":{"line":77,"column":59}},"type":"cond-expr","locations":[{"start":{"line":77,"column":33},"end":{"line":77,"column":46}},{"start":{"line":77,"column":50},"end":{"line":77,"column":59}}]},"6":{"loc":{"start":{"line":77,"column":33},"end":{"line":77,"column":50}},"type":"binary-expr","locations":[{"start":{"line":77,"column":33},"end":{"line":77,"column":50}},{"start":{"line":77,"column":33},"end":{"line":77,"column":50}}]},"7":{"loc":{"start":{"line":107,"column":30},"end":{"line":107,"column":82}},"type":"binary-expr","locations":[{"start":{"line":107,"column":30},"end":{"line":107,"column":54}},{"start":{"line":107,"column":58},"end":{"line":107,"column":82}}]},"8":{"loc":{"start":{"line":109,"column":21},"end":{"line":112,"column":null}},"type":"cond-expr","locations":[{"start":{"line":110,"column":24},"end":{"line":110,"column":70}},{"start":{"line":112,"column":24},"end":{"line":112,"column":30}}]},"9":{"loc":{"start":{"line":109,"column":21},"end":{"line":109,"column":73}},"type":"binary-expr","locations":[{"start":{"line":109,"column":21},"end":{"line":109,"column":45}},{"start":{"line":109,"column":49},"end":{"line":109,"column":73}}]}},"s":{"0":1,"1":1,"2":1,"3":1,"4":1,"5":1,"6":24,"7":24,"8":24,"9":24,"10":24,"11":24,"12":24,"13":13,"14":13,"15":13,"16":13,"17":24,"18":3,"19":3,"20":3,"21":3,"22":2,"23":1,"24":2,"25":1,"26":1,"27":2,"28":24,"29":5,"30":5,"31":4,"32":4,"33":4,"34":24,"35":2,"36":1},"f":{"0":24,"1":13,"2":3,"3":3,"4":5,"5":2,"6":1},"b":{"0":[13],"1":[2],"2":[1,4],"3":[5,4],"4":[4],"5":[23,1],"6":[24,23],"7":[24,23],"8":[1,23],"9":[24,23]}}
,"/home/pogro/Documents/cool-chess-frontend/src/components/social/profile/RatingCard.tsx": {"path":"/home/pogro/Documents/cool-chess-frontend/src/components/social/profile/RatingCard.tsx","statementMap":{"0":{"start":{"line":11,"column":0},"end":{"line":11,"column":24}},"1":{"start":{"line":1,"column":0},"end":{"line":1,"column":77}},"2":{"start":{"line":12,"column":4},"end":{"line":43,"column":6}}},"fnMap":{"0":{"name":"RatingCard","decl":{"start":{"line":11,"column":24},"end":{"line":11,"column":34}},"loc":{"start":{"line":11,"column":82},"end":{"line":44,"column":1}}}},"branchMap":{"0":{"loc":{"start":{"line":31,"column":17},"end":{"line":39,"column":null}},"type":"binary-expr","locations":[{"start":{"line":31,"column":17},"end":{"line":31,"column":32}},{"start":{"line":32,"column":20},"end":{"line":36,"column":null}}]}},"s":{"0":2,"1":2,"2":15},"f":{"0":15},"b":{"0":[15,4]}}
,"/home/pogro/Documents/cool-chess-frontend/src/components/social/profile/RatingsGrid.tsx": {"path":"/home/pogro/Documents/cool-chess-frontend/src/components/social/profile/RatingsGrid.tsx","statementMap":{"0":{"start":{"line":16,"column":0},"end":{"line":16,"column":24}},"1":{"start":{"line":1,"column":0},"end":{"line":1,"column":37}},"2":{"start":{"line":2,"column":0},"end":{"line":2,"column":38}},"3":{"start":{"line":3,"column":0},"end":{"line":3,"column":67}},"4":{"start":{"line":5,"column":14},"end":{"line":9,"column":2}},"5":{"start":{"line":17,"column":4},"end":{"line":30,"column":6}},"6":{"start":{"line":19,"column":33},"end":{"line":28,"column":14}}},"fnMap":{"0":{"name":"RatingsGrid","decl":{"start":{"line":16,"column":24},"end":{"line":16,"column":35}},"loc":{"start":{"line":16,"column":71},"end":{"line":31,"column":1}}},"1":{"name":"(anonymous_2)","decl":{"start":{"line":19,"column":23},"end":{"line":19,"column":24}},"loc":{"start":{"line":19,"column":32},"end":{"line":28,"column":14}}}},"branchMap":{"0":{"loc":{"start":{"line":24,"column":32},"end":{"line":24,"column":59}},"type":"cond-expr","locations":[{"start":{"line":24,"column":51},"end":{"line":24,"column":55}},{"start":{"line":24,"column":55},"end":{"line":24,"column":59}}]},"1":{"loc":{"start":{"line":24,"column":32},"end":{"line":24,"column":55}},"type":"binary-expr","locations":[{"start":{"line":24,"column":32},"end":{"line":24,"column":55}},{"start":{"line":24,"column":51},"end":{"line":24,"column":55}}]}},"s":{"0":1,"1":1,"2":1,"3":1,"4":1,"5":4,"6":12},"f":{"0":4,"1":12},"b":{"0":[9,3],"1":[12,12]}}
,"/home/pogro/Documents/cool-chess-frontend/src/components/social/profile/UserProfileHeader.tsx": {"path":"/home/pogro/Documents/cool-chess-frontend/src/components/social/profile/UserProfileHeader.tsx","statementMap":{"0":{"start":{"line":18,"column":0},"end":{"line":18,"column":24}},"1":{"start":{"line":1,"column":0},"end":{"line":1,"column":33}},"2":{"start":{"line":2,"column":0},"end":{"line":2,"column":71}},"3":{"start":{"line":3,"column":0},"end":{"line":3,"column":51}},"4":{"start":{"line":5,"column":0},"end":{"line":5,"column":49}},"5":{"start":{"line":6,"column":0},"end":{"line":6,"column":52}},"6":{"start":{"line":7,"column":0},"end":{"line":7,"column":61}},"7":{"start":{"line":8,"column":0},"end":{"line":8,"column":59}},"8":{"start":{"line":9,"column":0},"end":{"line":9,"column":51}},"9":{"start":{"line":10,"column":0},"end":{"line":10,"column":65}},"10":{"start":{"line":11,"column":0},"end":{"line":11,"column":57}},"11":{"start":{"line":19,"column":48},"end":{"line":19,"column":63}},"12":{"start":{"line":20,"column":48},"end":{"line":20,"column":63}},"13":{"start":{"line":21,"column":46},"end":{"line":21,"column":61}},"14":{"start":{"line":22,"column":32},"end":{"line":22,"column":55}},"15":{"start":{"line":23,"column":33},"end":{"line":23,"column":57}},"16":{"start":{"line":25,"column":4},"end":{"line":74,"column":6}},"17":{"start":{"line":37,"column":48},"end":{"line":37,"column":70}},"18":{"start":{"line":38,"column":49},"end":{"line":38,"column":72}},"19":{"start":{"line":44,"column":87},"end":{"line":44,"column":110}},"20":{"start":{"line":57,"column":72},"end":{"line":57,"column":96}},"21":{"start":{"line":62,"column":31},"end":{"line":62,"column":54}},"22":{"start":{"line":64,"column":52},"end":{"line":64,"column":63}},"23":{"start":{"line":69,"column":31},"end":{"line":69,"column":55}},"24":{"start":{"line":71,"column":53},"end":{"line":71,"column":68}}},"fnMap":{"0":{"name":"UserProfileHeader","decl":{"start":{"line":18,"column":24},"end":{"line":18,"column":41}},"loc":{"start":{"line":18,"column":72},"end":{"line":75,"column":1}}},"1":{"name":"(anonymous_2)","decl":{"start":{"line":37,"column":42},"end":{"line":37,"column":45}},"loc":{"start":{"line":37,"column":48},"end":{"line":37,"column":70}}},"2":{"name":"(anonymous_3)","decl":{"start":{"line":38,"column":43},"end":{"line":38,"column":46}},"loc":{"start":{"line":38,"column":49},"end":{"line":38,"column":72}}},"3":{"name":"(anonymous_4)","decl":{"start":{"line":44,"column":81},"end":{"line":44,"column":84}},"loc":{"start":{"line":44,"column":87},"end":{"line":44,"column":110}}},"4":{"name":"(anonymous_5)","decl":{"start":{"line":57,"column":66},"end":{"line":57,"column":69}},"loc":{"start":{"line":57,"column":72},"end":{"line":57,"column":96}}},"5":{"name":"(anonymous_6)","decl":{"start":{"line":62,"column":25},"end":{"line":62,"column":28}},"loc":{"start":{"line":62,"column":31},"end":{"line":62,"column":54}}},"6":{"name":"(anonymous_7)","decl":{"start":{"line":64,"column":45},"end":{"line":64,"column":46}},"loc":{"start":{"line":64,"column":52},"end":{"line":64,"column":63}}},"7":{"name":"(anonymous_8)","decl":{"start":{"line":69,"column":25},"end":{"line":69,"column":28}},"loc":{"start":{"line":69,"column":31},"end":{"line":69,"column":55}}},"8":{"name":"(anonymous_9)","decl":{"start":{"line":71,"column":46},"end":{"line":71,"column":47}},"loc":{"start":{"line":71,"column":53},"end":{"line":71,"column":68}}}},"branchMap":{"0":{"loc":{"start":{"line":28,"column":29},"end":{"line":28,"column":55}},"type":"cond-expr","locations":[{"start":{"line":28,"column":42},"end":{"line":28,"column":46}},{"start":{"line":28,"column":46},"end":{"line":28,"column":55}}]},"1":{"loc":{"start":{"line":28,"column":29},"end":{"line":28,"column":46}},"type":"binary-expr","locations":[{"start":{"line":28,"column":29},"end":{"line":28,"column":46}},{"start":{"line":28,"column":42},"end":{"line":28,"column":46}}]},"2":{"loc":{"start":{"line":29,"column":21},"end":{"line":29,"column":66}},"type":"binary-expr","locations":[{"start":{"line":29,"column":21},"end":{"line":29,"column":35}},{"start":{"line":29,"column":39},"end":{"line":29,"column":66}}]},"3":{"loc":{"start":{"line":35,"column":35},"end":{"line":35,"column":57}},"type":"cond-expr","locations":[{"start":{"line":35,"column":52},"end":{"line":35,"column":56}},{"start":{"line":35,"column":56},"end":{"line":35,"column":57}}]},"4":{"loc":{"start":{"line":35,"column":35},"end":{"line":35,"column":56}},"type":"binary-expr","locations":[{"start":{"line":35,"column":35},"end":{"line":35,"column":56}},{"start":{"line":35,"column":52},"end":{"line":35,"column":56}}]},"5":{"loc":{"start":{"line":35,"column":35},"end":{"line":35,"column":52}},"type":"cond-expr","locations":[{"start":{"line":35,"column":44},"end":{"line":35,"column":46}},{"start":{"line":35,"column":35},"end":{"line":35,"column":52}}]},"6":{"loc":{"start":{"line":35,"column":35},"end":{"line":35,"column":46}},"type":"binary-expr","locations":[{"start":{"line":35,"column":35},"end":{"line":35,"column":46}},{"start":{"line":35,"column":35},"end":{"line":35,"column":46}}]},"7":{"loc":{"start":{"line":36,"column":35},"end":{"line":36,"column":58}},"type":"cond-expr","locations":[{"start":{"line":36,"column":53},"end":{"line":36,"column":57}},{"start":{"line":36,"column":57},"end":{"line":36,"column":58}}]},"8":{"loc":{"start":{"line":36,"column":35},"end":{"line":36,"column":57}},"type":"binary-expr","locations":[{"start":{"line":36,"column":35},"end":{"line":36,"column":57}},{"start":{"line":36,"column":53},"end":{"line":36,"column":57}}]},"9":{"loc":{"start":{"line":36,"column":35},"end":{"line":36,"column":53}},"type":"cond-expr","locations":[{"start":{"line":36,"column":45},"end":{"line":36,"column":47}},{"start":{"line":36,"column":35},"end":{"line":36,"column":53}}]},"10":{"loc":{"start":{"line":36,"column":35},"end":{"line":36,"column":47}},"type":"binary-expr","locations":[{"start":{"line":36,"column":35},"end":{"line":36,"column":47}},{"start":{"line":36,"column":35},"end":{"line":36,"column":47}}]},"11":{"loc":{"start":{"line":43,"column":21},"end":{"line":51,"column":null}},"type":"cond-expr","locations":[{"start":{"line":44,"column":24},"end":{"line":44,"column":null}},{"start":{"line":48,"column":24},"end":{"line":50,"column":null}}]},"12":{"loc":{"start":{"line":56,"column":13},"end":{"line":57,"column":null}},"type":"binary-expr","locations":[{"start":{"line":56,"column":13},"end":{"line":56,"column":26}},{"start":{"line":57,"column":16},"end":{"line":57,"column":112}}]},"13":{"loc":{"start":{"line":64,"column":24},"end":{"line":64,"column":39}},"type":"cond-expr","locations":[{"start":{"line":64,"column":24},"end":{"line":64,"column":33}},{"start":{"line":64,"column":37},"end":{"line":64,"column":39}}]},"14":{"loc":{"start":{"line":64,"column":24},"end":{"line":64,"column":37}},"type":"binary-expr","locations":[{"start":{"line":64,"column":24},"end":{"line":64,"column":37}},{"start":{"line":64,"column":24},"end":{"line":64,"column":37}}]},"15":{"loc":{"start":{"line":71,"column":24},"end":{"line":71,"column":40}},"type":"cond-expr","locations":[{"start":{"line":71,"column":24},"end":{"line":71,"column":34}},{"start":{"line":71,"column":38},"end":{"line":71,"column":40}}]},"16":{"loc":{"start":{"line":71,"column":24},"end":{"line":71,"column":38}},"type":"binary-expr","locations":[{"start":{"line":71,"column":24},"end":{"line":71,"column":38}},{"start":{"line":71,"column":24},"end":{"line":71,"column":38}}]}},"s":{"0":1,"1":1,"2":1,"3":1,"4":1,"5":1,"6":1,"7":1,"8":1,"9":1,"10":1,"11":24,"12":24,"13":24,"14":24,"15":24,"16":24,"17":3,"18":3,"19":2,"20":1,"21":1,"22":36,"23":1,"24":18},"f":{"0":24,"1":3,"2":3,"3":2,"4":1,"5":1,"6":36,"7":1,"8":18},"b":{"0":[1,23],"1":[24,1],"2":[24,23],"3":[19,5],"4":[24,24],"5":[5,19],"6":[24,19],"7":[19,5],"8":[24,24],"9":[5,19],"10":[24,19],"11":[23,1],"12":[24,23],"13":[19,5],"14":[24,19],"15":[19,5],"16":[24,19]}}
}
