TN:
SF:src/components/home/FeaturesSection.tsx
FN:22,FeaturesSection
FN:29,(anonymous_1)
FNF:2
FNH:2
FNDA:4,FeaturesSection
FNDA:12,(anonymous_1)
DA:1,1
DA:2,1
DA:4,1
DA:22,1
DA:23,4
DA:30,12
LF:6
LH:6
BRF:0
BRH:0
end_of_record
TN:
SF:src/components/home/HomeHero.tsx
FN:6,HomeHero
FN:44,(anonymous_1)
FNF:2
FNH:2
FNDA:6,HomeHero
FNDA:1,(anonymous_1)
DA:1,1
DA:2,1
DA:3,1
DA:4,1
DA:6,1
DA:7,6
DA:8,6
DA:10,6
DA:44,1
LF:9
LH:9
BRDA:26,0,0,6
BRDA:26,0,1,3
BRDA:38,1,0,6
BRDA:38,1,1,3
BRF:4
BRH:4
end_of_record
TN:
SF:src/components/misc/CTASection.tsx
FN:4,CTASection
FN:26,(anonymous_1)
FNF:2
FNH:2
FNDA:3,CTASection
FNDA:1,(anonymous_1)
DA:1,1
DA:2,1
DA:4,1
DA:5,3
DA:7,3
DA:26,1
LF:6
LH:6
BRF:0
BRH:0
end_of_record
TN:
SF:src/components/misc/ConfirmDialog.tsx
FN:13,ConfirmDialog
FNF:1
FNH:1
FNDA:5,ConfirmDialog
DA:1,1
DA:13,1
DA:22,5
LF:3
LH:3
BRDA:19,0,0,1
BRDA:20,1,0,1
BRF:2
BRH:2
end_of_record
TN:
SF:src/components/misc/Footer.tsx
FN:4,Footer
FNF:1
FNH:1
FNDA:2,Footer
DA:1,1
DA:2,1
DA:4,1
DA:5,2
LF:4
LH:4
BRF:0
BRH:0
end_of_record
TN:
SF:src/components/misc/LoginRequiredNotice.tsx
FN:4,LoginRequiredNotice
FNF:1
FNH:1
FNDA:3,LoginRequiredNotice
DA:1,1
DA:2,1
DA:4,1
DA:5,3
LF:4
LH:4
BRF:0
BRH:0
end_of_record
TN:
SF:src/components/misc/NavigationBar.tsx
FN:26,NavigationBar
FN:52,(anonymous_1)
FN:92,(anonymous_2)
FN:98,(anonymous_3)
FNF:4
FNH:4
FNDA:7,NavigationBar
FNDA:28,(anonymous_1)
FNDA:1,(anonymous_2)
FNDA:1,(anonymous_3)
DA:1,1
DA:14,1
DA:15,1
DA:16,1
DA:17,1
DA:19,1
DA:27,7
DA:28,7
DA:30,7
DA:53,28
DA:92,1
DA:98,1
DA:108,1
LF:13
LH:13
BRDA:57,0,0,20
BRDA:57,0,1,8
BRDA:67,1,0,7
BRDA:67,1,1,5
BRDA:81,2,0,4
BRDA:81,2,1,1
BRDA:97,3,0,7
BRDA:97,3,1,2
BRF:8
BRH:8
end_of_record
TN:
SF:src/components/misc/PageHeader.tsx
FN:8,PageHeader
FNF:1
FNH:1
FNDA:2,PageHeader
DA:1,1
DA:8,1
DA:9,2
LF:3
LH:3
BRF:0
BRH:0
end_of_record
TN:
SF:src/components/misc/PaginationControls.tsx
FN:10,PaginationControls
FN:13,(anonymous_1)
FN:19,(anonymous_2)
FNF:3
FNH:3
FNDA:9,PaginationControls
FNDA:1,(anonymous_1)
FNDA:1,(anonymous_2)
DA:1,1
DA:2,1
DA:10,1
DA:11,9
DA:13,1
DA:19,1
LF:6
LH:6
BRF:0
BRH:0
end_of_record
TN:
SF:src/components/ranking/ModeSelector.tsx
FN:15,ModeSelector
FN:21,(anonymous_1)
FN:28,(anonymous_2)
FNF:3
FNH:3
FNDA:3,ModeSelector
FNDA:9,(anonymous_1)
FNDA:2,(anonymous_2)
DA:1,1
DA:2,1
DA:4,1
DA:15,1
DA:19,3
DA:22,9
DA:28,2
LF:7
LH:7
BRDA:27,0,0,3
BRDA:27,0,1,6
BRF:2
BRH:2
end_of_record
TN:
SF:src/components/ranking/RankingList.tsx
FN:10,RankingList
FN:13,(anonymous_1)
FNF:2
FNH:2
FNDA:6,RankingList
FNDA:11,(anonymous_1)
DA:1,1
DA:2,1
DA:10,1
DA:11,6
DA:13,11
LF:5
LH:5
BRDA:24,0,0,11
BRDA:24,0,1,6
BRDA:24,1,0,1
BRDA:24,1,1,10
BRDA:24,2,0,11
BRDA:24,2,1,11
BRDA:26,3,0,11
BRDA:26,3,1,6
BRDA:26,4,0,1
BRDA:26,4,1,10
BRDA:26,5,0,11
BRDA:26,5,1,11
BRDA:30,6,0,1
BRDA:30,6,1,10
BRDA:30,7,0,11
BRDA:30,7,1,11
BRF:16
BRH:16
end_of_record
TN:
SF:src/components/social/FriendActionButtons.tsx
FN:16,FriendActionButtons
FN:31,(anonymous_2)
FN:36,(anonymous_3)
FN:39,(anonymous_4)
FN:41,(anonymous_5)
FN:45,(anonymous_6)
FN:49,(anonymous_7)
FN:53,(anonymous_8)
FN:57,(anonymous_9)
FN:65,(anonymous_10)
FN:72,(anonymous_11)
FNF:11
FNH:11
FNDA:12,FriendActionButtons
FNDA:6,(anonymous_2)
FNDA:1,(anonymous_3)
FNDA:1,(anonymous_4)
FNDA:1,(anonymous_5)
FNDA:1,(anonymous_6)
FNDA:1,(anonymous_7)
FNDA:1,(anonymous_8)
FNDA:2,(anonymous_9)
FNDA:2,(anonymous_10)
FNDA:2,(anonymous_11)
DA:1,1
DA:2,1
DA:3,1
DA:4,1
DA:5,1
DA:6,1
DA:7,1
DA:8,1
DA:9,1
DA:10,1
DA:16,1
DA:17,12
DA:18,12
DA:19,12
DA:20,12
DA:22,12
DA:23,12
DA:24,12
DA:26,12
DA:28,12
DA:30,10
DA:31,6
DA:33,10
DA:35,10
DA:36,1
DA:39,10
DA:41,10
DA:42,1
DA:45,10
DA:46,1
DA:49,10
DA:50,1
DA:53,10
DA:54,1
DA:57,10
DA:58,2
DA:61,10
DA:65,2
DA:72,2
LF:39
LH:39
BRDA:28,0,0,2
BRDA:28,1,0,12
BRDA:28,1,1,11
BRDA:30,2,0,1
BRDA:30,2,1,9
BRDA:30,3,0,10
BRDA:30,3,1,9
BRDA:31,4,0,6
BRDA:31,4,1,3
BRDA:33,5,0,4
BRDA:33,5,1,6
BRDA:33,6,0,10
BRDA:33,6,1,10
BRDA:35,7,0,1
BRDA:35,7,1,9
BRDA:35,8,0,10
BRDA:35,8,1,10
BRDA:36,9,0,1
BRDA:36,9,1,1
BRDA:39,10,0,1
BRDA:39,10,1,9
BRDA:39,11,0,10
BRDA:39,11,1,9
BRDA:39,12,0,1
BRDA:39,12,1,1
BRDA:46,13,0,1
BRDA:50,14,0,1
BRDA:54,15,0,1
BRDA:58,16,0,2
BRDA:63,17,0,6
BRDA:63,17,1,4
BRDA:76,18,0,1
BRDA:76,18,1,3
BRDA:85,19,0,1
BRDA:85,19,1,2
BRF:35
BRH:35
end_of_record
TN:
SF:src/components/social/UserCard.tsx
FN:16,UserCard
FN:76,(anonymous_1)
FNF:2
FNH:2
FNDA:10,UserCard
FNDA:1,(anonymous_1)
DA:1,1
DA:2,1
DA:3,1
DA:16,1
DA:25,10
DA:77,1
DA:78,1
LF:7
LH:7
BRDA:49,0,0,9
BRDA:49,0,1,1
BRDA:49,1,0,10
BRDA:49,1,1,9
BRDA:50,2,0,10
BRDA:50,2,1,1
BRDA:65,3,0,10
BRDA:65,3,1,9
BRDA:67,4,0,8
BRDA:67,4,1,1
BRDA:73,5,0,10
BRDA:73,5,1,1
BRF:12
BRH:12
end_of_record
TN:
SF:src/components/social/UserListControls.tsx
FN:34,UserListControls
FN:46,(anonymous_1)
FN:65,(anonymous_2)
FN:70,(anonymous_3)
FNF:4
FNH:4
FNDA:5,UserListControls
FNDA:1,(anonymous_1)
FNDA:1,(anonymous_2)
FNDA:20,(anonymous_3)
DA:1,1
DA:11,1
DA:27,1
DA:34,1
DA:41,5
DA:46,1
DA:66,1
DA:67,1
DA:71,20
LF:9
LH:9
BRF:0
BRH:0
end_of_record
TN:
SF:src/components/social/follows/FollowActionButtons.tsx
FN:11,FollowActionButtons
FN:18,(anonymous_1)
FN:20,(anonymous_2)
FN:24,(anonymous_3)
FNF:4
FNH:4
FNDA:9,FollowActionButtons
FNDA:3,(anonymous_1)
FNDA:1,(anonymous_2)
FNDA:1,(anonymous_3)
DA:1,1
DA:2,1
DA:3,1
DA:4,1
DA:5,1
DA:11,1
DA:12,9
DA:13,9
DA:15,9
DA:16,9
DA:18,9
DA:20,9
DA:21,1
DA:24,9
DA:25,1
DA:28,9
DA:30,7
LF:17
LH:17
BRDA:13,0,0,8
BRDA:13,0,1,1
BRDA:13,1,0,9
BRDA:13,1,1,9
BRDA:13,2,0,1
BRDA:13,2,1,8
BRDA:13,3,0,9
BRDA:13,3,1,8
BRDA:18,4,0,8
BRDA:18,4,1,1
BRDA:18,5,0,9
BRDA:18,5,1,9
BRDA:18,6,0,1
BRDA:18,6,1,8
BRDA:18,7,0,9
BRDA:18,7,1,8
BRDA:28,8,0,2
BRDA:28,9,0,9
BRDA:28,9,1,8
BRDA:30,10,0,3
BRDA:30,10,1,4
BRF:21
BRH:21
end_of_record
TN:
SF:src/components/social/follows/FollowDialog.tsx
FN:12,FollowDialog
FN:20,(anonymous_2)
FNF:2
FNH:2
FNDA:5,FollowDialog
FNDA:8,(anonymous_2)
DA:1,1
DA:2,1
DA:12,1
DA:13,5
DA:21,8
LF:5
LH:5
BRDA:30,0,0,5
BRDA:30,0,1,1
BRF:2
BRH:2
end_of_record
TN:
SF:src/components/social/follows/FollowStats.tsx
FN:10,FollowStats
FNF:1
FNH:1
FNDA:3,FollowStats
DA:1,1
DA:10,1
DA:11,3
LF:3
LH:3
BRF:0
BRH:0
end_of_record
TN:
SF:src/components/social/profile/EditProfileDialog.tsx
FN:24,EditProfileDialog
FN:34,(anonymous_8)
FN:42,(anonymous_9)
FN:42,(anonymous_10)
FN:63,(anonymous_11)
FN:79,(anonymous_12)
FN:95,(anonymous_13)
FNF:7
FNH:7
FNDA:24,EditProfileDialog
FNDA:13,(anonymous_8)
FNDA:3,(anonymous_9)
FNDA:3,(anonymous_10)
FNDA:5,(anonymous_11)
FNDA:2,(anonymous_12)
FNDA:1,(anonymous_13)
DA:1,1
DA:12,1
DA:13,1
DA:15,1
DA:16,1
DA:24,1
DA:25,24
DA:26,24
DA:27,24
DA:29,24
DA:31,24
DA:32,24
DA:34,24
DA:35,13
DA:36,13
DA:37,13
DA:38,13
DA:42,24
DA:43,3
DA:44,3
DA:46,3
DA:47,2
DA:48,1
DA:51,2
DA:56,1
DA:57,1
DA:59,2
DA:63,24
DA:64,5
DA:65,5
DA:66,4
DA:67,4
DA:68,4
DA:72,24
DA:79,2
DA:95,1
LF:36
LH:36
BRDA:35,0,0,13
BRDA:46,1,0,2
BRDA:64,2,0,1
BRDA:64,2,1,4
BRDA:64,3,0,5
BRDA:64,3,1,4
BRDA:65,4,0,4
BRDA:77,5,0,23
BRDA:77,5,1,1
BRDA:77,6,0,24
BRDA:77,6,1,23
BRDA:107,7,0,24
BRDA:107,7,1,23
BRDA:109,8,0,1
BRDA:109,8,1,23
BRDA:109,9,0,24
BRDA:109,9,1,23
BRF:17
BRH:17
end_of_record
TN:
SF:src/components/social/profile/RatingCard.tsx
FN:11,RatingCard
FNF:1
FNH:1
FNDA:15,RatingCard
DA:1,2
DA:11,2
DA:12,15
LF:3
LH:3
BRDA:31,0,0,15
BRDA:31,0,1,4
BRF:2
BRH:2
end_of_record
TN:
SF:src/components/social/profile/RatingsGrid.tsx
FN:16,RatingsGrid
FN:19,(anonymous_2)
FNF:2
FNH:2
FNDA:4,RatingsGrid
FNDA:12,(anonymous_2)
DA:1,1
DA:2,1
DA:3,1
DA:5,1
DA:16,1
DA:17,4
DA:19,12
LF:7
LH:7
BRDA:24,0,0,9
BRDA:24,0,1,3
BRDA:24,1,0,12
BRDA:24,1,1,12
BRF:4
BRH:4
end_of_record
TN:
SF:src/components/social/profile/UserProfileHeader.tsx
FN:18,UserProfileHeader
FN:37,(anonymous_2)
FN:38,(anonymous_3)
FN:44,(anonymous_4)
FN:57,(anonymous_5)
FN:62,(anonymous_6)
FN:64,(anonymous_7)
FN:69,(anonymous_8)
FN:71,(anonymous_9)
FNF:9
FNH:9
FNDA:24,UserProfileHeader
FNDA:3,(anonymous_2)
FNDA:3,(anonymous_3)
FNDA:2,(anonymous_4)
FNDA:1,(anonymous_5)
FNDA:1,(anonymous_6)
FNDA:36,(anonymous_7)
FNDA:1,(anonymous_8)
FNDA:18,(anonymous_9)
DA:1,1
DA:2,1
DA:3,1
DA:5,1
DA:6,1
DA:7,1
DA:8,1
DA:9,1
DA:10,1
DA:11,1
DA:18,1
DA:19,24
DA:20,24
DA:21,24
DA:22,24
DA:23,24
DA:25,24
DA:37,3
DA:38,3
DA:44,2
DA:57,1
DA:62,1
DA:64,36
DA:69,1
DA:71,18
LF:25
LH:25
BRDA:28,0,0,1
BRDA:28,0,1,23
BRDA:28,1,0,24
BRDA:28,1,1,1
BRDA:29,2,0,24
BRDA:29,2,1,23
BRDA:35,3,0,19
BRDA:35,3,1,5
BRDA:35,4,0,24
BRDA:35,4,1,24
BRDA:35,5,0,5
BRDA:35,5,1,19
BRDA:35,6,0,24
BRDA:35,6,1,19
BRDA:36,7,0,19
BRDA:36,7,1,5
BRDA:36,8,0,24
BRDA:36,8,1,24
BRDA:36,9,0,5
BRDA:36,9,1,19
BRDA:36,10,0,24
BRDA:36,10,1,19
BRDA:43,11,0,23
BRDA:43,11,1,1
BRDA:56,12,0,24
BRDA:56,12,1,23
BRDA:64,13,0,19
BRDA:64,13,1,5
BRDA:64,14,0,24
BRDA:64,14,1,19
BRDA:71,15,0,19
BRDA:71,15,1,5
BRDA:71,16,0,24
BRDA:71,16,1,19
BRF:34
BRH:34
end_of_record
