TN:
SF:src/components/home/FeaturesSection.tsx
FN:22,FeaturesSection
FN:29,(anonymous_1)
FNF:2
FNH:2
FNDA:4,FeaturesSection
FNDA:12,(anonymous_1)
DA:1,1
DA:2,1
DA:4,1
DA:22,1
DA:23,4
DA:30,12
LF:6
LH:6
BRF:0
BRH:0
end_of_record
TN:
SF:src/components/home/HomeHero.tsx
FN:6,HomeHero
FN:44,(anonymous_1)
FNF:2
FNH:2
FNDA:6,HomeHero
FNDA:1,(anonymous_1)
DA:1,1
DA:2,1
DA:3,1
DA:4,1
DA:6,1
DA:7,6
DA:8,6
DA:10,6
DA:44,1
LF:9
LH:9
BRDA:26,0,0,6
BRDA:26,0,1,3
BRDA:38,1,0,6
BRDA:38,1,1,3
BRF:4
BRH:4
end_of_record
TN:
SF:src/components/match/ChessBoard.tsx
FN:11,useWindowSize
FN:14,(anonymous_1)
FN:15,(anonymous_2)
FN:19,(anonymous_3)
FN:25,ChessBoard
FN:50,(anonymous_5)
FN:51,(anonymous_6)
FN:67,(anonymous_7)
FNF:8
FNH:8
FNDA:9,useWindowSize
FNDA:8,(anonymous_1)
FNDA:1,(anonymous_2)
FNDA:8,(anonymous_3)
FNDA:9,ChessBoard
FNDA:72,(anonymous_5)
FNDA:576,(anonymous_6)
FNDA:2,(anonymous_7)
DA:1,1
DA:2,1
DA:12,9
DA:14,9
DA:15,8
DA:16,1
DA:18,8
DA:19,8
DA:22,9
DA:25,1
DA:31,9
DA:32,9
DA:34,9
DA:35,9
DA:36,9
DA:37,9
DA:39,9
DA:51,72
DA:52,576
DA:53,576
DA:54,576
DA:55,576
DA:56,576
DA:58,576
DA:67,2
LF:25
LH:25
BRDA:28,0,0,7
BRDA:32,1,0,8
BRDA:32,1,1,1
BRDA:53,2,0,512
BRDA:53,2,1,64
BRDA:67,3,0,1
BRDA:67,3,1,1
BRDA:67,4,0,2
BRDA:67,4,1,2
BRDA:69,5,0,2
BRDA:69,5,1,574
BRDA:69,6,0,286
BRDA:69,6,1,288
BRDA:70,7,0,64
BRDA:70,7,1,512
BRDA:73,8,0,576
BRDA:73,8,1,9
BRF:17
BRH:17
end_of_record
TN:
SF:src/components/match/MatchCard.tsx
FN:18,MatchCard
FN:42,(anonymous_1)
FN:101,(anonymous_2)
FNF:3
FNH:3
FNDA:10,MatchCard
FNDA:12,(anonymous_1)
FNDA:1,(anonymous_2)
DA:1,1
DA:2,1
DA:4,1
DA:5,1
DA:12,1
DA:18,1
DA:19,10
DA:20,10
DA:21,10
DA:23,10
DA:32,10
DA:34,10
DA:42,12
DA:45,10
DA:72,10
DA:73,1
DA:80,9
DA:102,1
DA:103,1
LF:19
LH:19
BRDA:18,0,0,9
BRDA:23,1,0,8
BRDA:23,1,1,2
BRDA:24,2,0,1
BRDA:24,2,1,7
BRDA:26,3,0,5
BRDA:26,3,1,2
BRDA:26,4,0,1
BRDA:26,4,1,6
BRDA:26,5,0,7
BRDA:26,5,1,6
BRDA:32,6,0,5
BRDA:32,6,1,5
BRDA:32,7,0,2
BRDA:32,7,1,3
BRDA:32,8,0,1
BRDA:32,8,1,2
BRDA:46,9,0,1
BRDA:46,9,1,9
BRDA:50,10,0,1
BRDA:50,10,1,9
BRDA:58,11,0,1
BRDA:58,11,1,9
BRDA:59,12,0,1
BRDA:59,12,1,9
BRDA:59,13,0,10
BRDA:59,13,1,10
BRDA:59,14,0,9
BRDA:59,14,1,1
BRDA:59,15,0,10
BRDA:59,15,1,10
BRDA:59,16,0,1
BRDA:59,16,1,9
BRDA:59,17,0,10
BRDA:59,17,1,10
BRDA:62,18,0,9
BRDA:62,18,1,1
BRDA:64,19,0,9
BRDA:64,19,1,1
BRDA:72,20,0,1
BRDA:92,21,0,1
BRDA:92,21,1,8
BRDA:93,22,0,1
BRDA:93,22,1,8
BRDA:98,23,0,9
BRDA:98,23,1,2
BRF:46
BRH:46
end_of_record
TN:
SF:src/components/match/MoveListPanel.tsx
FN:15,MoveListPanel
FN:31,(anonymous_1)
FN:37,(anonymous_2)
FNF:3
FNH:3
FNDA:6,MoveListPanel
FNDA:12,(anonymous_1)
FNDA:1,(anonymous_2)
DA:1,1
DA:2,1
DA:4,1
DA:5,1
DA:6,1
DA:7,1
DA:15,1
DA:16,6
DA:18,6
DA:19,6
DA:20,6
DA:22,6
DA:23,12
DA:24,12
DA:27,6
DA:32,12
DA:33,12
DA:34,12
DA:36,12
DA:37,1
LF:20
LH:20
BRDA:34,0,0,2
BRDA:34,0,1,10
BRDA:34,1,0,12
BRDA:34,1,1,10
BRDA:39,2,0,12
BRDA:39,2,1,4
BRF:6
BRH:6
end_of_record
TN:
SF:src/components/match/PlayerInfo.tsx
FN:12,PlayerInfo
FNF:1
FNH:1
FNDA:6,PlayerInfo
DA:1,1
DA:3,1
DA:4,1
DA:12,1
DA:13,6
LF:5
LH:5
BRDA:15,0,0,5
BRDA:15,0,1,1
BRDA:15,1,0,6
BRDA:15,1,1,5
BRDA:16,2,0,6
BRDA:16,2,1,1
BRDA:22,3,0,2
BRDA:22,3,1,4
BRF:8
BRH:8
end_of_record
TN:
SF:src/components/misc/CTASection.tsx
FN:4,CTASection
FN:26,(anonymous_1)
FNF:2
FNH:2
FNDA:3,CTASection
FNDA:1,(anonymous_1)
DA:1,1
DA:2,1
DA:4,1
DA:5,3
DA:7,3
DA:26,1
LF:6
LH:6
BRF:0
BRH:0
end_of_record
TN:
SF:src/components/misc/ConfirmDialog.tsx
FN:13,ConfirmDialog
FNF:1
FNH:1
FNDA:5,ConfirmDialog
DA:1,1
DA:13,1
DA:22,5
LF:3
LH:3
BRDA:19,0,0,1
BRDA:20,1,0,1
BRF:2
BRH:2
end_of_record
TN:
SF:src/components/misc/Footer.tsx
FN:4,Footer
FNF:1
FNH:1
FNDA:2,Footer
DA:1,1
DA:2,1
DA:4,1
DA:5,2
LF:4
LH:4
BRF:0
BRH:0
end_of_record
TN:
SF:src/components/misc/LoginRequiredNotice.tsx
FN:4,LoginRequiredNotice
FNF:1
FNH:1
FNDA:3,LoginRequiredNotice
DA:1,1
DA:2,1
DA:4,1
DA:5,3
LF:4
LH:4
BRF:0
BRH:0
end_of_record
TN:
SF:src/components/misc/NavigationBar.tsx
FN:30,NavigationBar
FN:49,(anonymous_1)
FN:89,(anonymous_2)
FN:95,(anonymous_3)
FN:108,(anonymous_4)
FN:116,(anonymous_5)
FNF:6
FNH:6
FNDA:17,NavigationBar
FNDA:68,(anonymous_1)
FNDA:1,(anonymous_2)
FNDA:1,(anonymous_3)
FNDA:4,(anonymous_4)
FNDA:1,(anonymous_5)
DA:1,1
DA:2,1
DA:17,1
DA:18,1
DA:19,1
DA:20,1
DA:21,1
DA:23,1
DA:31,17
DA:32,17
DA:33,17
DA:34,17
DA:35,17
DA:38,17
DA:50,68
DA:89,1
DA:95,1
DA:103,17
DA:108,4
DA:116,1
DA:145,1
LF:21
LH:21
BRDA:54,0,0,28
BRDA:54,0,1,40
BRDA:64,1,0,17
BRDA:64,1,1,7
BRDA:78,2,0,6
BRDA:78,2,1,1
BRDA:94,3,0,17
BRDA:94,3,1,10
BRDA:105,4,0,10
BRDA:105,4,1,7
BRF:10
BRH:10
end_of_record
TN:
SF:src/components/misc/PageHeader.tsx
FN:8,PageHeader
FNF:1
FNH:1
FNDA:8,PageHeader
DA:1,2
DA:8,2
DA:9,8
LF:3
LH:3
BRF:0
BRH:0
end_of_record
TN:
SF:src/components/misc/PaginationControls.tsx
FN:10,PaginationControls
FN:13,(anonymous_1)
FN:19,(anonymous_2)
FNF:3
FNH:3
FNDA:9,PaginationControls
FNDA:1,(anonymous_1)
FNDA:1,(anonymous_2)
DA:1,1
DA:2,1
DA:10,1
DA:11,9
DA:13,1
DA:19,1
LF:6
LH:6
BRF:0
BRH:0
end_of_record
TN:
SF:src/components/ranking/ModeSelector.tsx
FN:15,ModeSelector
FN:21,(anonymous_1)
FN:28,(anonymous_2)
FNF:3
FNH:3
FNDA:3,ModeSelector
FNDA:9,(anonymous_1)
FNDA:2,(anonymous_2)
DA:1,1
DA:2,1
DA:4,1
DA:15,1
DA:19,3
DA:22,9
DA:28,2
LF:7
LH:7
BRDA:27,0,0,3
BRDA:27,0,1,6
BRF:2
BRH:2
end_of_record
TN:
SF:src/components/ranking/RankingList.tsx
FN:10,RankingList
FN:13,(anonymous_1)
FNF:2
FNH:2
FNDA:6,RankingList
FNDA:11,(anonymous_1)
DA:1,1
DA:2,1
DA:10,1
DA:11,6
DA:13,11
LF:5
LH:5
BRDA:24,0,0,11
BRDA:24,0,1,6
BRDA:24,1,0,1
BRDA:24,1,1,10
BRDA:24,2,0,11
BRDA:24,2,1,11
BRDA:26,3,0,11
BRDA:26,3,1,6
BRDA:26,4,0,1
BRDA:26,4,1,10
BRDA:26,5,0,11
BRDA:26,5,1,11
BRDA:30,6,0,1
BRDA:30,6,1,10
BRDA:30,7,0,11
BRDA:30,7,1,11
BRF:16
BRH:16
end_of_record
TN:
SF:src/components/social/FriendActionButtons.tsx
FN:16,FriendActionButtons
FN:31,(anonymous_2)
FN:36,(anonymous_3)
FN:39,(anonymous_4)
FN:41,(anonymous_5)
FN:45,(anonymous_6)
FN:49,(anonymous_7)
FN:53,(anonymous_8)
FN:57,(anonymous_9)
FN:65,(anonymous_10)
FN:72,(anonymous_11)
FNF:11
FNH:11
FNDA:12,FriendActionButtons
FNDA:6,(anonymous_2)
FNDA:1,(anonymous_3)
FNDA:1,(anonymous_4)
FNDA:1,(anonymous_5)
FNDA:1,(anonymous_6)
FNDA:1,(anonymous_7)
FNDA:1,(anonymous_8)
FNDA:2,(anonymous_9)
FNDA:2,(anonymous_10)
FNDA:2,(anonymous_11)
DA:1,1
DA:2,1
DA:3,1
DA:4,1
DA:5,1
DA:6,1
DA:7,1
DA:8,1
DA:9,1
DA:10,1
DA:16,1
DA:17,12
DA:18,12
DA:19,12
DA:20,12
DA:22,12
DA:23,12
DA:24,12
DA:26,12
DA:28,12
DA:30,10
DA:31,6
DA:33,10
DA:35,10
DA:36,1
DA:39,10
DA:41,10
DA:42,1
DA:45,10
DA:46,1
DA:49,10
DA:50,1
DA:53,10
DA:54,1
DA:57,10
DA:58,2
DA:61,10
DA:65,2
DA:72,2
LF:39
LH:39
BRDA:28,0,0,2
BRDA:28,1,0,12
BRDA:28,1,1,11
BRDA:30,2,0,1
BRDA:30,2,1,9
BRDA:30,3,0,10
BRDA:30,3,1,9
BRDA:31,4,0,6
BRDA:31,4,1,3
BRDA:33,5,0,4
BRDA:33,5,1,6
BRDA:33,6,0,10
BRDA:33,6,1,10
BRDA:35,7,0,1
BRDA:35,7,1,9
BRDA:35,8,0,10
BRDA:35,8,1,10
BRDA:36,9,0,1
BRDA:36,9,1,1
BRDA:39,10,0,1
BRDA:39,10,1,9
BRDA:39,11,0,10
BRDA:39,11,1,9
BRDA:39,12,0,1
BRDA:39,12,1,1
BRDA:46,13,0,1
BRDA:50,14,0,1
BRDA:54,15,0,1
BRDA:58,16,0,2
BRDA:63,17,0,6
BRDA:63,17,1,4
BRDA:76,18,0,1
BRDA:76,18,1,3
BRDA:85,19,0,1
BRDA:85,19,1,2
BRF:35
BRH:35
end_of_record
TN:
SF:src/components/social/UserCard.tsx
FN:16,UserCard
FN:76,(anonymous_1)
FNF:2
FNH:2
FNDA:10,UserCard
FNDA:1,(anonymous_1)
DA:1,1
DA:2,1
DA:3,1
DA:16,1
DA:25,10
DA:77,1
DA:78,1
LF:7
LH:7
BRDA:49,0,0,9
BRDA:49,0,1,1
BRDA:49,1,0,10
BRDA:49,1,1,9
BRDA:50,2,0,10
BRDA:50,2,1,1
BRDA:65,3,0,10
BRDA:65,3,1,9
BRDA:67,4,0,8
BRDA:67,4,1,1
BRDA:73,5,0,10
BRDA:73,5,1,1
BRF:12
BRH:12
end_of_record
TN:
SF:src/components/social/UserListControls.tsx
FN:34,UserListControls
FN:46,(anonymous_1)
FN:65,(anonymous_2)
FN:70,(anonymous_3)
FNF:4
FNH:4
FNDA:5,UserListControls
FNDA:1,(anonymous_1)
FNDA:1,(anonymous_2)
FNDA:20,(anonymous_3)
DA:1,1
DA:11,1
DA:27,1
DA:34,1
DA:41,5
DA:46,1
DA:66,1
DA:67,1
DA:71,20
LF:9
LH:9
BRF:0
BRH:0
end_of_record
TN:
SF:src/components/social/follows/FollowActionButtons.tsx
FN:11,FollowActionButtons
FN:18,(anonymous_1)
FN:20,(anonymous_2)
FN:24,(anonymous_3)
FNF:4
FNH:4
FNDA:9,FollowActionButtons
FNDA:3,(anonymous_1)
FNDA:1,(anonymous_2)
FNDA:1,(anonymous_3)
DA:1,1
DA:2,1
DA:3,1
DA:4,1
DA:5,1
DA:11,1
DA:12,9
DA:13,9
DA:15,9
DA:16,9
DA:18,9
DA:20,9
DA:21,1
DA:24,9
DA:25,1
DA:28,9
DA:30,7
LF:17
LH:17
BRDA:13,0,0,8
BRDA:13,0,1,1
BRDA:13,1,0,9
BRDA:13,1,1,9
BRDA:13,2,0,1
BRDA:13,2,1,8
BRDA:13,3,0,9
BRDA:13,3,1,8
BRDA:18,4,0,8
BRDA:18,4,1,1
BRDA:18,5,0,9
BRDA:18,5,1,9
BRDA:18,6,0,1
BRDA:18,6,1,8
BRDA:18,7,0,9
BRDA:18,7,1,8
BRDA:28,8,0,2
BRDA:28,9,0,9
BRDA:28,9,1,8
BRDA:30,10,0,3
BRDA:30,10,1,4
BRF:21
BRH:21
end_of_record
TN:
SF:src/components/social/follows/FollowDialog.tsx
FN:12,FollowDialog
FN:20,(anonymous_2)
FNF:2
FNH:2
FNDA:5,FollowDialog
FNDA:8,(anonymous_2)
DA:1,1
DA:2,1
DA:12,1
DA:13,5
DA:21,8
LF:5
LH:5
BRDA:30,0,0,5
BRDA:30,0,1,1
BRF:2
BRH:2
end_of_record
TN:
SF:src/components/social/follows/FollowStats.tsx
FN:10,FollowStats
FNF:1
FNH:1
FNDA:3,FollowStats
DA:1,1
DA:10,1
DA:11,3
LF:3
LH:3
BRF:0
BRH:0
end_of_record
TN:
SF:src/components/social/profile/EditProfileDialog.tsx
FN:24,EditProfileDialog
FN:34,(anonymous_8)
FN:42,(anonymous_9)
FN:42,(anonymous_10)
FN:63,(anonymous_11)
FN:79,(anonymous_12)
FN:95,(anonymous_13)
FNF:7
FNH:7
FNDA:24,EditProfileDialog
FNDA:13,(anonymous_8)
FNDA:3,(anonymous_9)
FNDA:3,(anonymous_10)
FNDA:5,(anonymous_11)
FNDA:2,(anonymous_12)
FNDA:1,(anonymous_13)
DA:1,1
DA:12,1
DA:13,1
DA:15,1
DA:16,1
DA:24,1
DA:25,24
DA:26,24
DA:27,24
DA:29,24
DA:31,24
DA:32,24
DA:34,24
DA:35,13
DA:36,13
DA:37,13
DA:38,13
DA:42,24
DA:43,3
DA:44,3
DA:46,3
DA:47,2
DA:48,1
DA:51,2
DA:56,1
DA:57,1
DA:59,2
DA:63,24
DA:64,5
DA:65,5
DA:66,4
DA:67,4
DA:68,4
DA:72,24
DA:79,2
DA:95,1
LF:36
LH:36
BRDA:35,0,0,13
BRDA:46,1,0,2
BRDA:64,2,0,1
BRDA:64,2,1,4
BRDA:64,3,0,5
BRDA:64,3,1,4
BRDA:65,4,0,4
BRDA:77,5,0,23
BRDA:77,5,1,1
BRDA:77,6,0,24
BRDA:77,6,1,23
BRDA:107,7,0,24
BRDA:107,7,1,23
BRDA:109,8,0,1
BRDA:109,8,1,23
BRDA:109,9,0,24
BRDA:109,9,1,23
BRF:17
BRH:17
end_of_record
TN:
SF:src/components/social/profile/RatingCard.tsx
FN:10,RatingCard
FNF:1
FNH:1
FNDA:7,RatingCard
DA:1,2
DA:10,2
DA:11,7
LF:3
LH:3
BRF:0
BRH:0
end_of_record
TN:
SF:src/components/social/profile/RatingsGrid.tsx
FN:15,RatingsGrid
FN:18,(anonymous_2)
FNF:2
FNH:2
FNDA:2,RatingsGrid
FNDA:6,(anonymous_2)
DA:1,1
DA:2,1
DA:3,1
DA:5,1
DA:15,1
DA:16,2
DA:18,6
LF:7
LH:7
BRDA:23,0,0,3
BRDA:23,0,1,3
BRDA:23,1,0,6
BRDA:23,1,1,6
BRF:4
BRH:4
end_of_record
TN:
SF:src/components/social/profile/UserProfileHeader.tsx
FN:18,UserProfileHeader
FN:37,(anonymous_2)
FN:38,(anonymous_3)
FN:44,(anonymous_4)
FN:57,(anonymous_5)
FN:62,(anonymous_6)
FN:64,(anonymous_7)
FN:69,(anonymous_8)
FN:71,(anonymous_9)
FNF:9
FNH:9
FNDA:24,UserProfileHeader
FNDA:3,(anonymous_2)
FNDA:3,(anonymous_3)
FNDA:2,(anonymous_4)
FNDA:1,(anonymous_5)
FNDA:1,(anonymous_6)
FNDA:36,(anonymous_7)
FNDA:1,(anonymous_8)
FNDA:18,(anonymous_9)
DA:1,1
DA:2,1
DA:3,1
DA:5,1
DA:6,1
DA:7,1
DA:8,1
DA:9,1
DA:10,1
DA:11,1
DA:18,1
DA:19,24
DA:20,24
DA:21,24
DA:22,24
DA:23,24
DA:25,24
DA:37,3
DA:38,3
DA:44,2
DA:57,1
DA:62,1
DA:64,36
DA:69,1
DA:71,18
LF:25
LH:25
BRDA:28,0,0,1
BRDA:28,0,1,23
BRDA:28,1,0,24
BRDA:28,1,1,1
BRDA:29,2,0,24
BRDA:29,2,1,23
BRDA:35,3,0,19
BRDA:35,3,1,5
BRDA:35,4,0,24
BRDA:35,4,1,24
BRDA:35,5,0,5
BRDA:35,5,1,19
BRDA:35,6,0,24
BRDA:35,6,1,19
BRDA:36,7,0,19
BRDA:36,7,1,5
BRDA:36,8,0,24
BRDA:36,8,1,24
BRDA:36,9,0,5
BRDA:36,9,1,19
BRDA:36,10,0,24
BRDA:36,10,1,19
BRDA:43,11,0,23
BRDA:43,11,1,1
BRDA:56,12,0,24
BRDA:56,12,1,23
BRDA:64,13,0,19
BRDA:64,13,1,5
BRDA:64,14,0,24
BRDA:64,14,1,19
BRDA:71,15,0,19
BRDA:71,15,1,5
BRDA:71,16,0,24
BRDA:71,16,1,19
BRF:34
BRH:34
end_of_record
TN:
SF:src/pages/FriendsTab.tsx
FN:9,FriendsTab
FN:19,(anonymous_2)
FN:28,(anonymous_3)
FN:47,(anonymous_4)
FN:58,(anonymous_5)
FNF:5
FNH:5
FNDA:11,FriendsTab
FNDA:1,(anonymous_2)
FNDA:9,(anonymous_3)
FNDA:2,(anonymous_4)
FNDA:1,(anonymous_5)
DA:1,1
DA:2,1
DA:3,1
DA:4,1
DA:5,1
DA:6,1
DA:7,1
DA:9,1
DA:10,11
DA:11,11
DA:12,11
DA:13,11
DA:14,11
DA:16,11
DA:17,10
DA:19,9
DA:20,1
DA:21,1
DA:22,1
DA:26,9
DA:29,9
DA:31,8
DA:33,8
DA:48,2
DA:49,2
DA:58,1
LF:26
LH:26
BRDA:16,0,0,1
BRDA:17,1,0,1
BRDA:17,2,0,10
BRDA:17,2,1,10
BRDA:20,3,0,1
BRDA:29,4,0,1
BRDA:31,5,0,7
BRDA:31,5,1,1
BRDA:55,6,0,8
BRDA:55,6,1,2
BRF:10
BRH:10
end_of_record
TN:
SF:src/pages/History.tsx
FN:12,History
FN:35,(anonymous_2)
FN:36,(anonymous_3)
FN:53,(anonymous_4)
FNF:4
FNH:4
FNDA:7,History
FNDA:1,(anonymous_2)
FNDA:1,(anonymous_3)
FNDA:28,(anonymous_4)
DA:1,1
DA:2,1
DA:3,1
DA:4,1
DA:5,1
DA:6,1
DA:7,1
DA:8,1
DA:10,1
DA:12,1
DA:13,7
DA:14,7
DA:15,7
DA:16,7
DA:18,7
DA:19,1
DA:27,6
DA:32,6
DA:33,6
DA:35,6
DA:36,1
DA:37,1
DA:38,1
DA:39,1
DA:43,6
DA:54,28
LF:26
LH:26
BRDA:15,0,0,7
BRDA:15,0,1,1
BRDA:18,1,0,1
BRDA:27,2,0,1
BRDA:47,3,0,1
BRDA:47,3,1,5
BRF:6
BRH:6
end_of_record
TN:
SF:src/pages/Home.tsx
FN:5,Home
FNF:1
FNH:1
FNDA:1,Home
DA:1,1
DA:2,1
DA:3,1
DA:5,1
DA:6,1
LF:5
LH:5
BRF:0
BRH:0
end_of_record
TN:
SF:src/pages/Lobby.tsx
FN:22,Lobby
FN:38,(anonymous_2)
FN:42,(anonymous_3)
FN:46,(anonymous_4)
FN:65,(anonymous_5)
FN:73,(anonymous_6)
FN:73,(anonymous_7)
FNF:7
FNH:7
FNDA:11,Lobby
FNDA:1,(anonymous_2)
FNDA:1,(anonymous_3)
FNDA:3,(anonymous_4)
FNDA:30,(anonymous_5)
FNDA:1,(anonymous_6)
FNDA:1,(anonymous_7)
DA:1,1
DA:13,1
DA:14,1
DA:15,1
DA:16,1
DA:17,1
DA:18,1
DA:20,1
DA:22,1
DA:23,11
DA:25,11
DA:26,1
DA:34,10
DA:35,10
DA:36,10
DA:37,10
DA:38,10
DA:39,1
DA:42,10
DA:43,1
DA:46,10
DA:47,3
DA:48,2
DA:49,2
DA:52,10
DA:66,30
DA:73,1
LF:27
LH:27
BRDA:25,0,0,1
BRDA:47,1,0,1
BRF:2
BRH:2
end_of_record
TN:
SF:src/pages/Match.tsx
FN:14,Match
FN:28,(anonymous_2)
FN:40,(anonymous_3)
FN:46,(anonymous_4)
FN:52,(anonymous_5)
FN:58,(anonymous_6)
FN:87,handleSquareClick
FN:106,(anonymous_8)
FN:116,(anonymous_9)
FN:126,(anonymous_10)
FN:129,(anonymous_11)
FNF:11
FNH:11
FNDA:42,Match
FNDA:2,(anonymous_2)
FNDA:15,(anonymous_3)
FNDA:15,(anonymous_4)
FNDA:26,(anonymous_5)
FNDA:15,(anonymous_6)
FNDA:8,handleSquareClick
FNDA:3,(anonymous_8)
FNDA:1,(anonymous_9)
FNDA:1,(anonymous_10)
FNDA:1,(anonymous_11)
DA:1,1
DA:2,1
DA:3,1
DA:4,1
DA:5,1
DA:6,1
DA:7,1
DA:8,1
DA:9,1
DA:10,1
DA:11,1
DA:12,1
DA:14,1
DA:15,42
DA:16,42
DA:17,42
DA:18,42
DA:19,42
DA:20,42
DA:22,42
DA:23,42
DA:24,42
DA:26,42
DA:28,42
DA:29,2
DA:32,42
DA:40,42
DA:41,15
DA:42,1
DA:46,42
DA:47,15
DA:48,1
DA:52,42
DA:53,26
DA:54,24
DA:58,42
DA:59,15
DA:60,11
DA:67,42
DA:68,40
DA:69,1
DA:75,39
DA:76,1
DA:83,38
DA:84,38
DA:85,38
DA:88,8
DA:89,8
DA:90,8
DA:91,8
DA:93,8
DA:94,1
DA:97,8
DA:98,2
DA:99,2
DA:100,2
DA:103,6
DA:104,6
DA:105,3
DA:106,3
DA:108,3
DA:109,3
DA:113,38
DA:116,1
DA:126,1
DA:129,1
LF:66
LH:66
BRDA:20,0,0,42
BRDA:20,0,1,1
BRDA:33,1,0,42
BRDA:33,1,1,1
BRDA:34,2,0,42
BRDA:34,2,1,1
BRDA:34,3,0,1
BRDA:34,3,1,41
BRDA:34,4,0,42
BRDA:34,4,1,41
BRDA:41,5,0,1
BRDA:47,6,0,1
BRDA:47,7,0,15
BRDA:47,7,1,15
BRDA:47,7,2,15
BRDA:53,8,0,24
BRDA:53,9,0,26
BRDA:53,9,1,26
BRDA:53,9,2,25
BRDA:59,10,0,11
BRDA:59,11,0,15
BRDA:59,11,1,11
BRDA:59,11,2,11
BRDA:59,12,0,2
BRDA:59,12,1,13
BRDA:59,13,0,15
BRDA:59,13,1,14
BRDA:67,14,0,2
BRDA:67,15,0,42
BRDA:67,15,1,42
BRDA:67,15,2,42
BRDA:67,15,3,41
BRDA:68,16,0,1
BRDA:75,17,0,1
BRDA:75,18,0,39
BRDA:75,18,1,38
BRDA:83,19,0,6
BRDA:83,19,1,32
BRDA:88,20,0,6
BRDA:88,20,1,2
BRDA:89,21,0,6
BRDA:89,21,1,2
BRDA:93,22,0,1
BRDA:93,23,0,8
BRDA:93,23,1,1
BRDA:97,24,0,2
BRDA:104,25,0,3
BRDA:104,25,1,3
BRDA:104,26,0,6
BRDA:104,26,1,3
BRDA:104,26,2,3
BRDA:120,27,0,38
BRDA:120,27,1,1
BRDA:121,28,0,38
BRDA:121,28,1,2
BRDA:122,29,0,38
BRDA:122,29,1,1
BRDA:134,30,0,38
BRDA:134,30,1,38
BRDA:137,31,0,6
BRDA:137,31,1,32
BRDA:138,32,0,6
BRDA:138,32,1,32
BRDA:140,33,0,27
BRDA:140,33,1,11
BRDA:140,34,0,38
BRDA:140,34,1,38
BRDA:140,35,0,6
BRDA:140,35,1,32
BRDA:150,36,0,6
BRDA:150,36,1,32
BRDA:153,37,0,27
BRDA:153,37,1,11
BRDA:153,38,0,38
BRDA:153,38,1,38
BRDA:153,39,0,6
BRDA:153,39,1,32
BRF:77
BRH:77
end_of_record
TN:
SF:src/pages/MatchHistory.tsx
FN:15,MatchHistory
FN:21,(anonymous_2)
FN:26,(anonymous_3)
FNF:3
FNH:3
FNDA:6,MatchHistory
FNDA:5,(anonymous_2)
FNDA:6,(anonymous_3)
DA:1,1
DA:2,1
DA:3,1
DA:4,1
DA:5,1
DA:6,1
DA:7,1
DA:8,1
DA:9,1
DA:10,1
DA:11,1
DA:13,1
DA:15,1
DA:16,6
DA:17,6
DA:18,6
DA:19,6
DA:21,6
DA:22,5
DA:23,4
DA:26,6
DA:27,6
DA:28,5
DA:29,5
DA:32,6
DA:33,1
DA:40,5
LF:27
LH:27
BRDA:17,0,0,1
BRDA:22,1,0,1
BRDA:27,2,0,1
BRDA:28,3,0,1
BRDA:28,3,1,4
BRDA:32,4,0,1
BRDA:32,5,0,6
BRDA:32,5,1,5
BRF:8
BRH:8
end_of_record
TN:
SF:src/pages/Ranking.tsx
FN:11,Ranking
FN:22,(anonymous_2)
FN:26,(anonymous_3)
FNF:3
FNH:3
FNDA:6,Ranking
FNDA:1,(anonymous_2)
FNDA:1,(anonymous_3)
DA:1,1
DA:2,1
DA:3,1
DA:4,1
DA:5,1
DA:6,1
DA:7,1
DA:9,1
DA:11,1
DA:12,6
DA:14,6
DA:15,6
DA:16,6
DA:18,6
DA:20,6
DA:22,6
DA:23,1
DA:26,6
DA:27,1
DA:30,6
LF:20
LH:20
BRDA:14,0,0,6
BRDA:14,0,1,6
BRDA:15,1,0,6
BRDA:15,1,1,6
BRDA:18,2,0,1
BRDA:36,3,0,1
BRDA:36,3,1,5
BRDA:38,4,0,1
BRDA:38,4,1,4
BRF:9
BRH:9
end_of_record
TN:
SF:src/pages/ReceivedRequestsTab.tsx
FN:7,ReceivedRequestsTab
FN:17,(anonymous_2)
FN:20,(anonymous_3)
FN:24,(anonymous_4)
FNF:4
FNH:4
FNDA:5,ReceivedRequestsTab
FNDA:3,(anonymous_2)
FNDA:1,(anonymous_3)
FNDA:1,(anonymous_4)
DA:1,1
DA:2,1
DA:3,1
DA:4,1
DA:5,1
DA:7,1
DA:8,5
DA:9,5
DA:10,5
DA:12,5
DA:13,4
DA:15,3
DA:18,3
DA:20,3
DA:21,1
DA:24,3
DA:25,1
DA:28,3
LF:18
LH:18
BRDA:12,0,0,1
BRDA:13,1,0,1
BRDA:13,2,0,4
BRDA:13,2,1,4
BRF:4
BRH:4
end_of_record
TN:
SF:src/pages/SentRequestsTab.tsx
FN:6,SentRequestsTab
FN:15,(anonymous_2)
FN:18,(anonymous_3)
FNF:3
FNH:3
FNDA:4,SentRequestsTab
FNDA:2,(anonymous_2)
FNDA:1,(anonymous_3)
DA:1,1
DA:2,1
DA:3,1
DA:4,1
DA:6,1
DA:7,4
DA:8,4
DA:10,4
DA:11,3
DA:13,2
DA:16,2
DA:18,2
DA:19,1
DA:22,2
LF:14
LH:14
BRDA:10,0,0,1
BRDA:11,1,0,1
BRDA:11,2,0,3
BRDA:11,2,1,3
BRF:4
BRH:4
end_of_record
TN:
SF:src/pages/Social.tsx
FN:8,Social
FN:14,(anonymous_2)
FN:16,(anonymous_3)
FNF:3
FNH:3
FNDA:8,Social
FNDA:20,(anonymous_2)
FNDA:1,(anonymous_3)
DA:1,1
DA:2,1
DA:3,1
DA:4,1
DA:6,1
DA:8,1
DA:9,8
DA:10,8
DA:12,8
DA:14,20
DA:16,8
DA:17,1
DA:20,8
LF:13
LH:13
BRDA:24,0,0,8
BRDA:24,0,1,6
BRDA:26,1,0,1
BRDA:26,1,1,5
BRF:4
BRH:4
end_of_record
TN:
SF:src/pages/UserListTab.tsx
FN:10,UserListTab
FN:31,(anonymous_2)
FN:32,(anonymous_3)
FN:40,(anonymous_4)
FN:41,(anonymous_5)
FN:50,(anonymous_6)
FN:51,(anonymous_7)
FN:74,(anonymous_8)
FNF:8
FNH:8
FNDA:9,UserListTab
FNDA:1,(anonymous_2)
FNDA:1,(anonymous_3)
FNDA:1,(anonymous_4)
FNDA:1,(anonymous_5)
FNDA:2,(anonymous_6)
FNDA:2,(anonymous_7)
FNDA:299,(anonymous_8)
DA:1,1
DA:2,1
DA:3,1
DA:4,1
DA:5,1
DA:6,1
DA:8,1
DA:10,1
DA:11,9
DA:13,9
DA:14,9
DA:15,9
DA:16,9
DA:18,9
DA:20,9
DA:28,9
DA:29,9
DA:31,9
DA:32,1
DA:33,1
DA:34,1
DA:35,1
DA:36,1
DA:40,9
DA:41,1
DA:42,1
DA:43,1
DA:44,1
DA:45,1
DA:46,1
DA:50,9
DA:51,2
DA:52,2
DA:53,2
DA:54,2
DA:58,9
DA:75,299
LF:37
LH:37
BRDA:13,0,0,9
BRDA:13,0,1,1
BRDA:14,1,0,9
BRDA:14,1,1,1
BRDA:15,2,0,9
BRDA:15,2,1,1
BRDA:16,3,0,9
BRDA:16,3,1,9
BRDA:20,4,0,1
BRDA:68,5,0,1
BRDA:68,5,1,8
BRF:11
BRH:11
end_of_record
TN:
SF:src/pages/UserProfile.tsx
FN:10,UserProfile
FN:21,(anonymous_2)
FN:24,(anonymous_3)
FNF:3
FNH:3
FNDA:11,UserProfile
FNDA:14,(anonymous_2)
FNDA:2,(anonymous_3)
DA:1,1
DA:2,1
DA:3,1
DA:4,1
DA:5,1
DA:6,1
DA:7,1
DA:8,1
DA:10,1
DA:11,11
DA:12,11
DA:13,11
DA:14,11
DA:16,11
DA:18,8
DA:20,8
DA:21,14
DA:23,8
DA:24,2
DA:26,8
DA:28,8
LF:21
LH:21
BRDA:13,0,0,11
BRDA:13,0,1,1
BRDA:16,1,0,3
BRDA:16,2,0,11
BRDA:16,2,1,8
BRDA:18,3,0,1
BRDA:18,3,1,7
BRDA:18,4,0,8
BRDA:18,4,1,7
BRDA:21,5,0,1
BRDA:21,5,1,7
BRDA:21,6,0,8
BRDA:21,6,1,7
BRDA:23,7,0,2
BRDA:23,7,1,6
BRDA:23,8,0,8
BRDA:23,8,1,7
BRDA:24,9,0,2
BRDA:24,9,1,1
BRDA:26,10,0,6
BRDA:26,10,1,2
BRDA:26,11,0,8
BRDA:26,11,1,8
BRDA:32,12,0,8
BRDA:32,12,1,7
BRF:25
BRH:25
end_of_record
